mode: set
mini-wiki/internal/chart/chart.go:48.62,49.35 1 1
mini-wiki/internal/chart/chart.go:49.35,51.3 1 1
mini-wiki/internal/chart/chart.go:52.2,52.20 1 1
mini-wiki/internal/chart/chart.go:52.20,54.3 1 1
mini-wiki/internal/chart/chart.go:55.2,55.21 1 1
mini-wiki/internal/chart/chart.go:55.21,57.3 1 1
mini-wiki/internal/chart/chart.go:59.2,64.18 2 1
mini-wiki/internal/chart/chart.go:65.11,66.23 1 1
mini-wiki/internal/chart/chart.go:67.13,68.25 1 1
mini-wiki/internal/chart/chart.go:69.11,70.23 1 1
mini-wiki/internal/chart/chart.go:71.15,72.27 1 1
mini-wiki/internal/chart/chart.go:73.17,74.29 1 1
mini-wiki/internal/chart/chart.go:75.11,76.23 1 1
mini-wiki/internal/chart/chart.go:77.15,78.27 1 1
mini-wiki/internal/chart/chart.go:79.10,80.61 1 1
mini-wiki/internal/chart/chart.go:86.45,88.16 2 1
mini-wiki/internal/chart/chart.go:88.16,90.3 1 0
mini-wiki/internal/chart/chart.go:92.2,92.22 1 1
mini-wiki/internal/chart/chart.go:92.22,94.3 1 0
mini-wiki/internal/chart/chart.go:96.2,97.27 2 1
mini-wiki/internal/chart/chart.go:97.27,98.17 1 1
mini-wiki/internal/chart/chart.go:98.17,100.4 1 1
mini-wiki/internal/chart/chart.go:102.2,102.17 1 1
mini-wiki/internal/chart/chart.go:102.17,104.3 1 0
mini-wiki/internal/chart/chart.go:106.2,107.19 2 1
mini-wiki/internal/chart/chart.go:107.19,109.3 1 0
mini-wiki/internal/chart/chart.go:111.2,115.25 4 1
mini-wiki/internal/chart/chart.go:115.25,118.3 2 0
mini-wiki/internal/chart/chart.go:120.2,120.48 1 1
mini-wiki/internal/chart/chart.go:120.48,122.34 2 1
mini-wiki/internal/chart/chart.go:122.34,124.4 1 0
mini-wiki/internal/chart/chart.go:125.3,126.21 2 1
mini-wiki/internal/chart/chart.go:126.21,128.4 1 0
mini-wiki/internal/chart/chart.go:129.3,130.72 2 1
mini-wiki/internal/chart/chart.go:132.2,135.15 3 1
mini-wiki/internal/chart/chart.go:140.47,142.16 2 1
mini-wiki/internal/chart/chart.go:142.16,144.3 1 0
mini-wiki/internal/chart/chart.go:146.2,146.22 1 1
mini-wiki/internal/chart/chart.go:146.22,148.3 1 0
mini-wiki/internal/chart/chart.go:150.2,153.16 3 1
mini-wiki/internal/chart/chart.go:153.16,155.3 1 0
mini-wiki/internal/chart/chart.go:156.2,156.16 1 1
mini-wiki/internal/chart/chart.go:156.16,158.3 1 0
mini-wiki/internal/chart/chart.go:160.2,161.27 2 1
mini-wiki/internal/chart/chart.go:161.27,162.17 1 1
mini-wiki/internal/chart/chart.go:162.17,164.4 1 1
mini-wiki/internal/chart/chart.go:165.3,165.17 1 1
mini-wiki/internal/chart/chart.go:165.17,167.4 1 0
mini-wiki/internal/chart/chart.go:169.2,169.22 1 1
mini-wiki/internal/chart/chart.go:169.22,171.3 1 0
mini-wiki/internal/chart/chart.go:173.2,177.22 3 1
mini-wiki/internal/chart/chart.go:177.22,179.26 2 1
mini-wiki/internal/chart/chart.go:179.26,181.4 1 1
mini-wiki/internal/chart/chart.go:185.2,185.21 1 1
mini-wiki/internal/chart/chart.go:185.21,187.49 2 1
mini-wiki/internal/chart/chart.go:187.49,189.18 2 1
mini-wiki/internal/chart/chart.go:189.18,191.5 1 0
mini-wiki/internal/chart/chart.go:192.4,193.19 2 1
mini-wiki/internal/chart/chart.go:193.19,195.5 1 0
mini-wiki/internal/chart/chart.go:196.4,196.13 1 1
mini-wiki/internal/chart/chart.go:196.13,198.5 1 0
mini-wiki/internal/chart/chart.go:199.4,199.29 1 1
mini-wiki/internal/chart/chart.go:203.3,203.53 1 1
mini-wiki/internal/chart/chart.go:203.53,206.34 3 1
mini-wiki/internal/chart/chart.go:206.34,207.10 1 0
mini-wiki/internal/chart/chart.go:209.4,211.20 3 1
mini-wiki/internal/chart/chart.go:211.20,213.5 1 0
mini-wiki/internal/chart/chart.go:214.4,214.20 1 1
mini-wiki/internal/chart/chart.go:214.20,216.5 1 0
mini-wiki/internal/chart/chart.go:217.4,217.14 1 1
mini-wiki/internal/chart/chart.go:217.14,219.5 1 0
mini-wiki/internal/chart/chart.go:220.4,220.14 1 1
mini-wiki/internal/chart/chart.go:220.14,222.5 1 0
mini-wiki/internal/chart/chart.go:224.4,224.67 1 1
mini-wiki/internal/chart/chart.go:228.2,233.31 4 1
mini-wiki/internal/chart/chart.go:233.31,236.20 3 1
mini-wiki/internal/chart/chart.go:236.20,238.4 1 0
mini-wiki/internal/chart/chart.go:239.3,241.22 3 1
mini-wiki/internal/chart/chart.go:243.2,245.21 2 1
mini-wiki/internal/chart/chart.go:245.21,247.3 1 1
mini-wiki/internal/chart/chart.go:249.2,250.15 2 1
mini-wiki/internal/chart/chart.go:255.45,257.16 2 1
mini-wiki/internal/chart/chart.go:257.16,259.3 1 0
mini-wiki/internal/chart/chart.go:261.2,262.27 2 1
mini-wiki/internal/chart/chart.go:262.27,264.3 1 1
mini-wiki/internal/chart/chart.go:265.2,265.16 1 1
mini-wiki/internal/chart/chart.go:265.16,267.3 1 0
mini-wiki/internal/chart/chart.go:270.2,277.27 5 1
mini-wiki/internal/chart/chart.go:277.27,279.18 2 1
mini-wiki/internal/chart/chart.go:279.18,281.4 1 1
mini-wiki/internal/chart/chart.go:281.9,283.4 1 0
mini-wiki/internal/chart/chart.go:285.2,285.18 1 1
mini-wiki/internal/chart/chart.go:285.18,287.3 1 0
mini-wiki/internal/chart/chart.go:289.2,294.27 4 1
mini-wiki/internal/chart/chart.go:294.27,296.30 2 1
mini-wiki/internal/chart/chart.go:296.30,298.4 1 0
mini-wiki/internal/chart/chart.go:299.3,301.22 3 1
mini-wiki/internal/chart/chart.go:301.22,303.4 1 0
mini-wiki/internal/chart/chart.go:304.3,304.74 1 1
mini-wiki/internal/chart/chart.go:307.2,308.15 2 1
mini-wiki/internal/chart/chart.go:313.49,315.16 2 1
mini-wiki/internal/chart/chart.go:315.16,317.3 1 0
mini-wiki/internal/chart/chart.go:318.2,319.16 2 1
mini-wiki/internal/chart/chart.go:319.16,321.3 1 0
mini-wiki/internal/chart/chart.go:323.2,324.20 2 1
mini-wiki/internal/chart/chart.go:324.20,326.3 1 0
mini-wiki/internal/chart/chart.go:327.2,327.12 1 1
mini-wiki/internal/chart/chart.go:327.12,329.3 1 0
mini-wiki/internal/chart/chart.go:331.2,333.16 3 1
mini-wiki/internal/chart/chart.go:333.16,335.3 1 0
mini-wiki/internal/chart/chart.go:336.2,336.16 1 1
mini-wiki/internal/chart/chart.go:336.16,338.3 1 0
mini-wiki/internal/chart/chart.go:340.2,342.25 3 1
mini-wiki/internal/chart/chart.go:342.25,343.22 1 1
mini-wiki/internal/chart/chart.go:343.22,345.4 1 1
mini-wiki/internal/chart/chart.go:346.3,346.22 1 1
mini-wiki/internal/chart/chart.go:346.22,348.4 1 0
mini-wiki/internal/chart/chart.go:349.3,349.22 1 1
mini-wiki/internal/chart/chart.go:349.22,351.4 1 1
mini-wiki/internal/chart/chart.go:352.3,352.22 1 1
mini-wiki/internal/chart/chart.go:352.22,354.4 1 0
mini-wiki/internal/chart/chart.go:356.2,356.18 1 1
mini-wiki/internal/chart/chart.go:356.18,358.3 1 0
mini-wiki/internal/chart/chart.go:359.2,359.18 1 1
mini-wiki/internal/chart/chart.go:359.18,361.3 1 0
mini-wiki/internal/chart/chart.go:363.2,364.22 2 1
mini-wiki/internal/chart/chart.go:364.22,366.26 2 1
mini-wiki/internal/chart/chart.go:366.26,368.4 1 1
mini-wiki/internal/chart/chart.go:371.2,371.25 1 1
mini-wiki/internal/chart/chart.go:371.25,374.17 3 1
mini-wiki/internal/chart/chart.go:374.17,376.4 1 0
mini-wiki/internal/chart/chart.go:377.3,377.18 1 1
mini-wiki/internal/chart/chart.go:377.18,379.4 1 0
mini-wiki/internal/chart/chart.go:380.3,380.28 1 1
mini-wiki/internal/chart/chart.go:383.2,385.27 3 1
mini-wiki/internal/chart/chart.go:385.27,389.3 3 1
mini-wiki/internal/chart/chart.go:390.2,395.15 4 1
mini-wiki/internal/chart/chart.go:400.51,402.16 2 1
mini-wiki/internal/chart/chart.go:402.16,404.3 1 0
mini-wiki/internal/chart/chart.go:406.2,407.18 2 1
mini-wiki/internal/chart/chart.go:407.18,409.3 1 0
mini-wiki/internal/chart/chart.go:410.2,410.18 1 1
mini-wiki/internal/chart/chart.go:410.18,412.3 1 0
mini-wiki/internal/chart/chart.go:414.2,415.27 2 1
mini-wiki/internal/chart/chart.go:415.27,416.17 1 1
mini-wiki/internal/chart/chart.go:416.17,418.4 1 1
mini-wiki/internal/chart/chart.go:419.3,419.17 1 1
mini-wiki/internal/chart/chart.go:419.17,421.4 1 0
mini-wiki/internal/chart/chart.go:423.2,423.22 1 1
mini-wiki/internal/chart/chart.go:423.22,425.3 1 0
mini-wiki/internal/chart/chart.go:427.2,431.27 4 1
mini-wiki/internal/chart/chart.go:431.27,433.21 2 1
mini-wiki/internal/chart/chart.go:433.21,435.4 1 1
mini-wiki/internal/chart/chart.go:436.3,436.14 1 1
mini-wiki/internal/chart/chart.go:436.14,438.4 1 0
mini-wiki/internal/chart/chart.go:439.3,439.16 1 1
mini-wiki/internal/chart/chart.go:442.2,443.27 2 1
mini-wiki/internal/chart/chart.go:443.27,444.19 1 1
mini-wiki/internal/chart/chart.go:444.19,446.4 1 1
mini-wiki/internal/chart/chart.go:448.2,448.19 1 1
mini-wiki/internal/chart/chart.go:448.19,450.3 1 0
mini-wiki/internal/chart/chart.go:452.2,453.19 2 1
mini-wiki/internal/chart/chart.go:453.19,455.3 1 0
mini-wiki/internal/chart/chart.go:457.2,461.31 4 1
mini-wiki/internal/chart/chart.go:461.31,465.34 4 1
mini-wiki/internal/chart/chart.go:465.34,467.4 1 0
mini-wiki/internal/chart/chart.go:468.3,469.82 2 1
mini-wiki/internal/chart/chart.go:471.2,474.15 3 1
mini-wiki/internal/chart/chart.go:479.45,481.16 2 1
mini-wiki/internal/chart/chart.go:481.16,483.3 1 0
mini-wiki/internal/chart/chart.go:485.2,498.16 12 1
mini-wiki/internal/chart/chart.go:498.16,500.3 1 0
mini-wiki/internal/chart/chart.go:502.2,516.17 13 1
mini-wiki/internal/chart/chart.go:516.17,518.3 1 0
mini-wiki/internal/chart/chart.go:519.2,519.32 1 1
mini-wiki/internal/chart/chart.go:519.32,521.3 1 1
mini-wiki/internal/chart/chart.go:523.2,530.22 7 1
mini-wiki/internal/chart/chart.go:530.22,532.3 1 1
mini-wiki/internal/chart/chart.go:533.2,540.47 6 1
mini-wiki/internal/chart/chart.go:540.47,541.23 1 1
mini-wiki/internal/chart/chart.go:541.23,543.4 1 1
mini-wiki/internal/chart/chart.go:546.2,550.15 4 1
mini-wiki/internal/chart/chart.go:555.49,557.16 2 1
mini-wiki/internal/chart/chart.go:557.16,559.3 1 0
mini-wiki/internal/chart/chart.go:560.2,561.16 2 1
mini-wiki/internal/chart/chart.go:561.16,563.3 1 0
mini-wiki/internal/chart/chart.go:565.2,566.20 2 1
mini-wiki/internal/chart/chart.go:566.20,568.3 1 0
mini-wiki/internal/chart/chart.go:569.2,569.12 1 1
mini-wiki/internal/chart/chart.go:569.12,571.3 1 0
mini-wiki/internal/chart/chart.go:574.2,579.15 5 1
mini-wiki/internal/chart/chart.go:579.15,581.3 1 0
mini-wiki/internal/chart/chart.go:582.2,582.15 1 1
mini-wiki/internal/chart/chart.go:582.15,584.3 1 0
mini-wiki/internal/chart/chart.go:587.2,588.24 2 1
mini-wiki/internal/chart/chart.go:588.24,590.3 1 1
mini-wiki/internal/chart/chart.go:592.2,592.37 1 1
mini-wiki/internal/chart/chart.go:592.37,595.51 3 1
mini-wiki/internal/chart/chart.go:595.51,597.4 1 1
mini-wiki/internal/chart/chart.go:600.2,601.29 2 1
mini-wiki/internal/chart/chart.go:601.29,602.25 1 1
mini-wiki/internal/chart/chart.go:602.25,603.19 1 1
mini-wiki/internal/chart/chart.go:603.19,605.5 1 1
mini-wiki/internal/chart/chart.go:608.2,608.18 1 1
mini-wiki/internal/chart/chart.go:608.18,610.3 1 0
mini-wiki/internal/chart/chart.go:612.2,617.35 4 1
mini-wiki/internal/chart/chart.go:617.35,619.17 2 1
mini-wiki/internal/chart/chart.go:619.17,621.4 1 0
mini-wiki/internal/chart/chart.go:622.3,622.39 1 1
mini-wiki/internal/chart/chart.go:624.2,627.31 2 1
mini-wiki/internal/chart/chart.go:627.31,629.21 2 1
mini-wiki/internal/chart/chart.go:629.21,631.4 1 0
mini-wiki/internal/chart/chart.go:632.3,633.32 2 1
mini-wiki/internal/chart/chart.go:633.32,636.15 3 1
mini-wiki/internal/chart/chart.go:636.15,638.5 1 0
mini-wiki/internal/chart/chart.go:639.4,639.15 1 1
mini-wiki/internal/chart/chart.go:639.15,641.5 1 0
mini-wiki/internal/chart/chart.go:642.4,643.52 2 1
mini-wiki/internal/chart/chart.go:645.3,645.22 1 1
mini-wiki/internal/chart/chart.go:648.2,649.15 2 1
mini-wiki/internal/chart/chart.go:654.48,655.19 1 1
mini-wiki/internal/chart/chart.go:655.19,657.3 1 0
mini-wiki/internal/chart/chart.go:661.75,662.18 1 1
mini-wiki/internal/chart/chart.go:662.18,664.3 1 0
mini-wiki/internal/chart/chart.go:665.2,667.37 3 1
mini-wiki/internal/chart/chart.go:667.37,669.10 2 1
mini-wiki/internal/chart/chart.go:669.10,670.12 1 0
mini-wiki/internal/chart/chart.go:672.3,673.17 2 1
mini-wiki/internal/chart/chart.go:673.17,674.12 1 0
mini-wiki/internal/chart/chart.go:676.3,679.41 3 1
mini-wiki/internal/chart/chart.go:679.41,680.26 1 1
mini-wiki/internal/chart/chart.go:680.26,681.40 1 1
mini-wiki/internal/chart/chart.go:681.40,683.11 2 1
mini-wiki/internal/chart/chart.go:687.3,687.33 1 1
mini-wiki/internal/chart/chart.go:689.2,689.28 1 1
mini-wiki/internal/chart/chart.go:692.48,693.25 1 1
mini-wiki/internal/chart/chart.go:694.15,695.18 1 1
mini-wiki/internal/chart/chart.go:696.11,697.27 1 1
mini-wiki/internal/chart/chart.go:698.13,699.27 1 1
mini-wiki/internal/chart/chart.go:700.14,703.16 3 1
mini-wiki/internal/chart/chart.go:704.10,705.41 1 0
mini-wiki/internal/chart/chart.go:709.56,713.21 4 1
mini-wiki/internal/chart/chart.go:713.21,715.3 1 0
mini-wiki/internal/chart/chart.go:716.2,716.16 1 1
mini-wiki/internal/chart/chart.go:716.16,717.45 1 0
mini-wiki/internal/chart/chart.go:717.45,719.4 1 0
mini-wiki/internal/chart/chart.go:720.3,720.9 1 0
mini-wiki/internal/chart/chart.go:722.2,722.30 1 1
mini-wiki/internal/chart/chart.go:722.30,725.41 3 1
mini-wiki/internal/chart/chart.go:725.41,727.4 1 1
mini-wiki/internal/chart/chart.go:731.21,732.11 1 1
mini-wiki/internal/chart/chart.go:732.11,734.3 1 1
mini-wiki/internal/chart/chart.go:735.2,735.10 1 1
mini-wiki/internal/chart/chart.go:738.41,741.24 3 1
mini-wiki/internal/chart/chart.go:741.24,742.17 1 1
mini-wiki/internal/chart/chart.go:742.17,745.4 2 1
mini-wiki/internal/chart/chart.go:747.2,747.15 1 1
mini-wiki/internal/chart/chart.go:750.43,751.28 1 1
mini-wiki/internal/chart/chart.go:751.28,752.16 1 1
mini-wiki/internal/chart/chart.go:752.16,754.4 1 1
mini-wiki/internal/chart/chart.go:756.2,756.11 1 1
mini-wiki/internal/conversation/types.go:47.39,53.2 1 1
mini-wiki/internal/conversation/types.go:56.35,57.28 1 1
mini-wiki/internal/conversation/types.go:57.28,59.3 1 1
mini-wiki/internal/conversation/types.go:60.2,61.39 2 1
mini-wiki/internal/conversation/types.go:61.39,63.3 1 1
mini-wiki/internal/conversation/types.go:67.29,68.63 1 1
mini-wiki/internal/conversation/types.go:68.63,70.62 1 1
mini-wiki/internal/conversation/types.go:70.62,72.4 1 1
mini-wiki/internal/conversation/types.go:72.9,74.4 1 1
mini-wiki/internal/conversation/types.go:79.40,81.33 2 1
mini-wiki/internal/conversation/types.go:81.33,83.3 1 1
mini-wiki/internal/conversation/types.go:84.2,84.14 1 1
mini-wiki/internal/conversation/types.go:89.26,91.40 2 1
mini-wiki/internal/conversation/types.go:91.40,94.3 1 0
mini-wiki/internal/conversation/types.go:95.2,95.30 1 1
mini-wiki/internal/jsonlparser/parser.go:48.19,50.2 1 1
mini-wiki/internal/jsonlparser/parser.go:54.116,55.20 1 1
mini-wiki/internal/jsonlparser/parser.go:55.20,57.3 1 0
mini-wiki/internal/jsonlparser/parser.go:59.2,71.21 10 1
mini-wiki/internal/jsonlparser/parser.go:71.21,72.10 1 1
mini-wiki/internal/jsonlparser/parser.go:73.21,74.25 1 1
mini-wiki/internal/jsonlparser/parser.go:75.11,75.11 0 1
mini-wiki/internal/jsonlparser/parser.go:78.3,79.17 2 1
mini-wiki/internal/jsonlparser/parser.go:79.17,81.12 2 1
mini-wiki/internal/jsonlparser/parser.go:84.3,88.61 4 1
mini-wiki/internal/jsonlparser/parser.go:88.61,90.12 1 1
mini-wiki/internal/jsonlparser/parser.go:94.3,94.25 1 1
mini-wiki/internal/jsonlparser/parser.go:94.25,96.4 1 1
mini-wiki/internal/jsonlparser/parser.go:97.3,97.23 1 1
mini-wiki/internal/jsonlparser/parser.go:97.23,98.20 1 1
mini-wiki/internal/jsonlparser/parser.go:98.20,101.5 2 1
mini-wiki/internal/jsonlparser/parser.go:105.3,116.30 4 1
mini-wiki/internal/jsonlparser/parser.go:116.30,123.34 2 1
mini-wiki/internal/jsonlparser/parser.go:123.34,125.5 1 0
mini-wiki/internal/jsonlparser/parser.go:126.4,127.21 2 1
mini-wiki/internal/jsonlparser/parser.go:131.2,131.38 1 1
mini-wiki/internal/jsonlparser/parser.go:131.38,133.3 1 0
mini-wiki/internal/jsonlparser/parser.go:136.2,136.20 1 1
mini-wiki/internal/jsonlparser/parser.go:136.20,143.33 2 1
mini-wiki/internal/jsonlparser/parser.go:143.33,145.4 1 0
mini-wiki/internal/jsonlparser/parser.go:148.2,153.8 1 1
mini-wiki/internal/jsonlparser/parser.go:156.70,157.29 1 1
mini-wiki/internal/jsonlparser/parser.go:157.29,159.3 1 1
mini-wiki/internal/jsonlparser/parser.go:161.2,162.38 2 0
mini-wiki/internal/jsonlparser/parser.go:162.38,163.37 1 0
mini-wiki/internal/jsonlparser/parser.go:163.37,164.33 1 0
mini-wiki/internal/jsonlparser/parser.go:164.33,166.5 1 0
mini-wiki/internal/jsonlparser/parser.go:169.2,169.34 1 0
mini-wiki/internal/jsonlparser/parser.go:173.59,174.20 1 1
mini-wiki/internal/jsonlparser/parser.go:174.20,176.3 1 0
mini-wiki/internal/jsonlparser/parser.go:177.2,178.25 2 1
mini-wiki/internal/jsonlparser/parser.go:178.25,179.26 1 1
mini-wiki/internal/jsonlparser/parser.go:180.15,181.36 1 1
mini-wiki/internal/jsonlparser/parser.go:181.36,183.5 1 1
mini-wiki/internal/jsonlparser/parser.go:184.16,185.56 1 1
mini-wiki/internal/jsonlparser/parser.go:186.13,187.56 1 1
mini-wiki/internal/jsonlparser/parser.go:188.23,190.50 1 1
mini-wiki/internal/jsonlparser/parser.go:190.50,192.5 1 1
mini-wiki/internal/jsonlparser/parser.go:193.14,194.20 1 1
mini-wiki/internal/jsonlparser/parser.go:194.20,196.30 2 1
mini-wiki/internal/jsonlparser/parser.go:196.30,197.36 1 1
mini-wiki/internal/jsonlparser/parser.go:197.36,199.7 1 1
mini-wiki/internal/jsonlparser/parser.go:201.5,201.23 1 1
mini-wiki/internal/jsonlparser/parser.go:201.23,203.6 1 1
mini-wiki/internal/jsonlparser/parser.go:207.2,207.34 1 1
mini-wiki/internal/jsonlparser/parser.go:211.60,213.25 2 1
mini-wiki/internal/jsonlparser/parser.go:213.25,215.26 2 1
mini-wiki/internal/jsonlparser/parser.go:216.15,217.36 1 1
mini-wiki/internal/jsonlparser/parser.go:217.36,219.5 1 1
mini-wiki/internal/jsonlparser/parser.go:220.23,221.52 1 1
mini-wiki/internal/jsonlparser/parser.go:221.52,223.5 1 1
mini-wiki/internal/jsonlparser/parser.go:224.11,225.58 1 0
mini-wiki/internal/jsonlparser/parser.go:228.2,228.34 1 1
mini-wiki/internal/jsonlparser/parser.go:232.38,235.27 3 1
mini-wiki/internal/jsonlparser/parser.go:235.27,236.27 1 1
mini-wiki/internal/jsonlparser/parser.go:236.27,237.16 1 1
mini-wiki/internal/jsonlparser/parser.go:237.16,240.5 2 1
mini-wiki/internal/jsonlparser/parser.go:243.2,243.15 1 1
mini-wiki/internal/wiki/errors.go:49.31,50.11 1 1
mini-wiki/internal/wiki/errors.go:51.20,52.20 1 1
mini-wiki/internal/wiki/errors.go:53.22,54.22 1 1
mini-wiki/internal/wiki/errors.go:55.19,56.19 1 1
mini-wiki/internal/wiki/errors.go:57.19,58.19 1 1
mini-wiki/internal/wiki/errors.go:59.18,60.18 1 1
mini-wiki/internal/wiki/errors.go:61.20,62.20 1 1
mini-wiki/internal/wiki/errors.go:63.17,64.17 1 1
mini-wiki/internal/wiki/errors.go:65.22,66.22 1 1
mini-wiki/internal/wiki/errors.go:67.22,68.22 1 1
mini-wiki/internal/wiki/errors.go:69.20,70.21 1 1
mini-wiki/internal/wiki/errors.go:71.22,72.22 1 1
mini-wiki/internal/wiki/errors.go:73.18,74.18 1 1
mini-wiki/internal/wiki/errors.go:75.17,76.17 1 1
mini-wiki/internal/wiki/errors.go:77.23,78.23 1 1
mini-wiki/internal/wiki/errors.go:79.22,80.23 1 1
mini-wiki/internal/wiki/errors.go:81.24,82.26 1 1
mini-wiki/internal/wiki/errors.go:83.18,84.18 1 1
mini-wiki/internal/wiki/errors.go:85.16,86.16 1 1
mini-wiki/internal/wiki/errors.go:87.20,88.21 1 1
mini-wiki/internal/wiki/errors.go:89.20,90.20 1 1
mini-wiki/internal/wiki/errors.go:91.15,92.15 1 1
mini-wiki/internal/wiki/errors.go:93.15,94.15 1 1
mini-wiki/internal/wiki/errors.go:95.18,96.18 1 1
mini-wiki/internal/wiki/errors.go:97.20,98.20 1 1
mini-wiki/internal/wiki/errors.go:99.19,100.19 1 1
mini-wiki/internal/wiki/errors.go:101.18,102.18 1 1
mini-wiki/internal/wiki/errors.go:103.10,104.19 1 1
mini-wiki/internal/wiki/errors.go:116.39,118.2 1 1
mini-wiki/internal/wiki/errors.go:121.53,122.18 1 1
mini-wiki/internal/wiki/errors.go:122.18,124.3 1 1
mini-wiki/internal/wiki/errors.go:125.2,125.55 1 1
mini-wiki/internal/wiki/errors.go:128.32,129.20 1 1
mini-wiki/internal/wiki/errors.go:129.20,131.3 1 1
mini-wiki/internal/wiki/errors.go:132.2,132.49 1 1
mini-wiki/internal/wiki/errors.go:135.32,137.2 1 1
mini-wiki/internal/wiki/errors.go:142.40,144.30 2 1
mini-wiki/internal/wiki/errors.go:144.30,146.3 1 1
mini-wiki/internal/wiki/errors.go:147.2,147.14 1 1
mini-wiki/internal/wiki/errors.go:151.35,153.2 1 1
mini-wiki/internal/wiki/errors.go:156.32,158.2 1 1
mini-wiki/internal/wiki/errors.go:161.32,163.2 1 1
mini-wiki/internal/wiki/errors.go:166.35,168.2 1 1
mini-wiki/internal/wiki/errors.go:171.35,173.2 1 1
mini-wiki/internal/wiki/errors.go:176.33,178.2 1 1
mini-wiki/internal/wiki/errors.go:181.35,183.2 1 1
mini-wiki/internal/wiki/errors.go:186.33,188.2 1 1
mini-wiki/internal/wiki/errors.go:191.30,193.2 1 1
mini-wiki/internal/wiki/errors.go:196.35,198.2 1 1
mini-wiki/internal/wiki/errors.go:201.37,203.2 1 1
mini-wiki/internal/wiki/errors.go:206.29,208.30 2 1
mini-wiki/internal/wiki/errors.go:208.30,210.3 1 1
mini-wiki/internal/wiki/errors.go:211.2,211.21 1 1
mini-wiki/internal/rag/client.go:84.37,88.2 3 1
mini-wiki/internal/rag/client.go:91.20,93.2 1 1
mini-wiki/internal/rag/client.go:102.103,110.22 5 0
mini-wiki/internal/rag/client.go:110.22,112.3 1 0
mini-wiki/internal/rag/client.go:113.2,123.16 3 0
mini-wiki/internal/rag/client.go:123.16,125.3 1 0
mini-wiki/internal/rag/client.go:127.2,128.16 2 0
mini-wiki/internal/rag/client.go:128.16,130.3 1 0
mini-wiki/internal/rag/client.go:132.2,133.16 2 0
mini-wiki/internal/rag/client.go:133.16,135.3 1 0
mini-wiki/internal/rag/client.go:137.2,137.36 1 0
mini-wiki/internal/rag/client.go:137.36,139.3 1 0
mini-wiki/internal/rag/client.go:141.2,146.12 4 0
mini-wiki/internal/rag/client.go:146.12,148.26 2 0
mini-wiki/internal/rag/client.go:148.26,150.4 1 0
mini-wiki/internal/rag/client.go:154.2,155.16 2 0
mini-wiki/internal/rag/client.go:155.16,158.3 2 0
mini-wiki/internal/rag/client.go:159.2,159.27 1 0
mini-wiki/internal/rag/client.go:159.27,162.3 2 0
mini-wiki/internal/rag/client.go:164.2,165.12 2 0
mini-wiki/internal/rag/client.go:170.80,175.43 4 0
mini-wiki/internal/rag/client.go:175.43,177.3 1 0
mini-wiki/internal/rag/client.go:179.2,183.6 3 0
mini-wiki/internal/rag/client.go:183.6,190.13 3 0
mini-wiki/internal/rag/client.go:190.13,193.4 2 0
mini-wiki/internal/rag/client.go:195.3,195.10 1 0
mini-wiki/internal/rag/client.go:196.24,197.20 1 0
mini-wiki/internal/rag/client.go:197.20,198.26 1 0
mini-wiki/internal/rag/client.go:198.26,200.6 1 0
mini-wiki/internal/rag/client.go:201.5,201.25 1 0
mini-wiki/internal/rag/client.go:203.4,205.21 2 0
mini-wiki/internal/rag/client.go:206.20,208.13 2 0
mini-wiki/internal/rag/client.go:209.17,211.23 2 0
mini-wiki/internal/rag/client.go:212.16,215.23 3 0
mini-wiki/internal/rag/client.go:216.12,217.68 1 0
mini-wiki/internal/rag/client.go:219.18,220.66 1 0
mini-wiki/internal/rag/client.go:229.105,231.2 1 0
mini-wiki/internal/rag/client.go:236.127,238.2 1 0
mini-wiki/internal/rag/client.go:241.123,251.43 3 0
mini-wiki/internal/rag/client.go:251.43,254.3 2 0
mini-wiki/internal/rag/client.go:258.2,262.15 3 0
mini-wiki/internal/rag/client.go:262.15,262.30 1 0
mini-wiki/internal/rag/client.go:264.2,274.6 4 0
mini-wiki/internal/rag/client.go:274.6,279.13 3 0
mini-wiki/internal/rag/client.go:279.13,281.11 2 0
mini-wiki/internal/rag/client.go:282.43,282.43 0 0
mini-wiki/internal/rag/client.go:283.16,283.16 0 0
mini-wiki/internal/rag/client.go:287.3,287.10 1 0
mini-wiki/internal/rag/client.go:288.24,289.20 1 0
mini-wiki/internal/rag/client.go:289.20,291.26 2 0
mini-wiki/internal/rag/client.go:291.26,293.6 1 0
mini-wiki/internal/rag/client.go:294.5,294.20 1 0
mini-wiki/internal/rag/client.go:296.4,297.21 2 0
mini-wiki/internal/rag/client.go:298.20,300.26 2 0
mini-wiki/internal/rag/client.go:300.26,302.6 1 0
mini-wiki/internal/rag/client.go:303.5,303.13 1 0
mini-wiki/internal/rag/client.go:304.17,306.45 2 0
mini-wiki/internal/rag/client.go:307.16,308.28 1 0
mini-wiki/internal/rag/client.go:309.12,311.63 2 0
mini-wiki/internal/rag/client.go:313.19,316.135 3 0
mini-wiki/internal/rag/client.go:323.32,324.42 1 0
mini-wiki/internal/rag/client.go:324.42,327.3 2 0
mini-wiki/internal/rag/client.go:328.2,328.20 1 0
mini-wiki/internal/rag/client.go:328.20,330.3 1 0
mini-wiki/internal/rag/client.go:334.69,336.2 1 0
mini-wiki/internal/rag/client.go:341.91,343.2 1 0
mini-wiki/internal/rag/client.go:346.98,351.43 4 0
mini-wiki/internal/rag/client.go:351.43,353.3 1 0
mini-wiki/internal/rag/client.go:355.2,356.16 2 0
mini-wiki/internal/rag/client.go:356.16,358.3 1 0
mini-wiki/internal/rag/client.go:360.2,360.26 1 0
mini-wiki/internal/rag/client.go:360.26,362.3 1 0
mini-wiki/internal/rag/client.go:364.2,364.27 1 0
mini-wiki/internal/rag/client.go:364.27,366.3 1 0
mini-wiki/internal/rag/client.go:368.2,368.25 1 0
mini-wiki/internal/rag/client.go:368.25,370.3 1 0
mini-wiki/internal/rag/client.go:372.2,376.8 1 0
mini-wiki/internal/rag/client.go:382.72,392.43 4 0
mini-wiki/internal/rag/client.go:392.43,394.3 1 0
mini-wiki/internal/rag/client.go:396.2,397.16 2 0
mini-wiki/internal/rag/client.go:397.16,398.24 1 0
mini-wiki/internal/rag/client.go:398.24,400.4 1 0
mini-wiki/internal/rag/client.go:401.3,401.18 1 0
mini-wiki/internal/rag/client.go:403.2,403.18 1 0
mini-wiki/internal/rag/client.go:409.90,419.43 4 0
mini-wiki/internal/rag/client.go:419.43,421.3 1 0
mini-wiki/internal/rag/client.go:423.2,424.16 2 0
mini-wiki/internal/rag/client.go:424.16,425.24 1 0
mini-wiki/internal/rag/client.go:425.24,427.4 1 0
mini-wiki/internal/rag/client.go:428.3,428.18 1 0
mini-wiki/internal/rag/client.go:430.2,430.18 1 0
mini-wiki/internal/rag/client.go:434.59,439.43 4 0
mini-wiki/internal/rag/client.go:439.43,441.3 1 0
mini-wiki/internal/rag/client.go:443.2,444.16 2 0
mini-wiki/internal/rag/client.go:444.16,446.3 1 0
mini-wiki/internal/rag/client.go:448.2,448.26 1 0
mini-wiki/internal/rag/client.go:448.26,450.3 1 0
mini-wiki/internal/rag/client.go:452.2,456.8 1 0
mini-wiki/internal/rag/client.go:460.31,465.43 4 0
mini-wiki/internal/rag/client.go:465.43,467.3 1 0
mini-wiki/internal/rag/client.go:469.2,470.16 2 0
mini-wiki/internal/rag/client.go:470.16,472.3 1 0
mini-wiki/internal/rag/client.go:474.2,474.25 1 0
mini-wiki/internal/rag/client.go:474.25,476.3 1 0
mini-wiki/internal/rag/client.go:477.2,477.12 1 0
mini-wiki/internal/rag/client.go:481.25,485.2 3 1
mini-wiki/internal/rag/client.go:488.35,492.2 3 1
mini-wiki/internal/rag/client.go:495.49,496.20 1 0
mini-wiki/internal/rag/client.go:496.20,498.3 1 0
mini-wiki/internal/rag/client.go:499.2,500.16 2 0
mini-wiki/internal/rag/client.go:500.16,502.3 1 0
mini-wiki/internal/rag/client.go:503.2,503.47 1 0
mini-wiki/internal/rag/client.go:503.47,505.3 1 0
mini-wiki/internal/rag/client.go:506.2,506.55 1 0
mini-wiki/internal/rag/client.go:506.55,508.3 1 0
mini-wiki/internal/rag/client.go:509.2,509.12 1 0
mini-wiki/internal/rag/client.go:513.52,514.21 1 0
mini-wiki/internal/rag/client.go:514.21,516.3 1 0
mini-wiki/internal/rag/client.go:518.2,518.22 1 0
mini-wiki/internal/rag/client.go:518.22,519.40 1 0
mini-wiki/internal/rag/client.go:519.40,521.4 1 0
mini-wiki/internal/rag/client.go:522.3,522.67 1 0
mini-wiki/internal/rag/client.go:525.2,527.60 3 0
mini-wiki/internal/rag/client.go:527.60,529.3 1 0
mini-wiki/internal/rag/client.go:531.2,531.19 1 0
mini-wiki/internal/rag/client.go:535.25,536.42 1 1
mini-wiki/internal/rag/client.go:536.42,539.3 2 0
mini-wiki/internal/rag/client.go:540.2,540.20 1 1
mini-wiki/internal/rag/client.go:540.20,542.3 1 0
mini-wiki/internal/rag/client.go:543.2,546.21 4 1
mini-wiki/internal/dataset/dataset.go:26.37,27.11 1 1
mini-wiki/internal/dataset/dataset.go:28.20,29.18 1 1
mini-wiki/internal/dataset/dataset.go:30.21,31.19 1 1
mini-wiki/internal/dataset/dataset.go:32.19,33.17 1 1
mini-wiki/internal/dataset/dataset.go:34.21,35.19 1 1
mini-wiki/internal/dataset/dataset.go:36.18,37.16 1 1
mini-wiki/internal/dataset/dataset.go:38.10,39.19 1 1
mini-wiki/internal/dataset/dataset.go:69.61,77.29 2 1
mini-wiki/internal/dataset/dataset.go:77.29,78.21 1 1
mini-wiki/internal/dataset/dataset.go:78.21,80.4 1 1
mini-wiki/internal/dataset/dataset.go:82.2,83.15 2 1
mini-wiki/internal/dataset/dataset.go:87.65,99.30 3 1
mini-wiki/internal/dataset/dataset.go:99.30,100.23 1 1
mini-wiki/internal/dataset/dataset.go:100.23,102.9 2 1
mini-wiki/internal/dataset/dataset.go:105.2,105.16 1 1
mini-wiki/internal/dataset/dataset.go:105.16,107.3 1 0
mini-wiki/internal/dataset/dataset.go:110.2,110.40 1 1
mini-wiki/internal/dataset/dataset.go:110.40,111.45 1 1
mini-wiki/internal/dataset/dataset.go:111.45,116.18 4 1
mini-wiki/internal/dataset/dataset.go:116.18,118.5 1 1
mini-wiki/internal/dataset/dataset.go:119.4,119.12 1 1
mini-wiki/internal/dataset/dataset.go:119.12,121.5 1 1
mini-wiki/internal/dataset/dataset.go:124.2,124.15 1 1
mini-wiki/internal/dataset/dataset.go:128.54,130.28 2 1
mini-wiki/internal/dataset/dataset.go:130.28,132.3 1 1
mini-wiki/internal/dataset/dataset.go:134.2,135.30 2 1
mini-wiki/internal/dataset/dataset.go:135.30,136.21 1 1
mini-wiki/internal/dataset/dataset.go:136.21,138.4 1 1
mini-wiki/internal/dataset/dataset.go:141.2,149.29 2 1
mini-wiki/internal/dataset/dataset.go:149.29,154.29 2 1
mini-wiki/internal/dataset/dataset.go:154.29,155.37 1 1
mini-wiki/internal/dataset/dataset.go:155.37,157.5 1 1
mini-wiki/internal/dataset/dataset.go:159.3,159.44 1 1
mini-wiki/internal/dataset/dataset.go:161.2,162.15 2 1
mini-wiki/internal/dataset/dataset.go:166.40,167.20 1 1
mini-wiki/internal/dataset/dataset.go:167.20,169.3 1 0
mini-wiki/internal/dataset/dataset.go:170.2,179.15 2 1
mini-wiki/internal/dataset/dataset.go:183.35,188.32 3 1
mini-wiki/internal/dataset/dataset.go:188.32,189.12 1 1
mini-wiki/internal/dataset/dataset.go:189.12,191.4 1 1
mini-wiki/internal/dataset/dataset.go:192.3,192.26 1 1
mini-wiki/internal/dataset/dataset.go:194.2,197.27 2 1
mini-wiki/internal/dataset/dataset.go:197.27,198.12 1 1
mini-wiki/internal/dataset/dataset.go:198.12,200.4 1 1
mini-wiki/internal/dataset/dataset.go:201.3,201.61 1 1
mini-wiki/internal/dataset/dataset.go:203.2,207.27 3 1
mini-wiki/internal/dataset/dataset.go:207.27,209.3 1 1
mini-wiki/internal/dataset/dataset.go:210.2,210.39 1 1
mini-wiki/internal/dataset/dataset.go:210.39,211.33 1 1
mini-wiki/internal/dataset/dataset.go:211.33,212.13 1 1
mini-wiki/internal/dataset/dataset.go:212.13,214.5 1 1
mini-wiki/internal/dataset/dataset.go:215.4,216.21 2 1
mini-wiki/internal/dataset/dataset.go:216.21,218.5 1 0
mini-wiki/internal/dataset/dataset.go:219.4,219.22 1 1
mini-wiki/internal/dataset/dataset.go:221.3,221.22 1 1
mini-wiki/internal/dataset/dataset.go:224.2,224.27 1 1
mini-wiki/internal/dataset/dataset.go:224.27,226.3 1 0
mini-wiki/internal/dataset/dataset.go:228.2,228.19 1 1
mini-wiki/internal/dataset/dataset.go:246.37,249.13 2 1
mini-wiki/internal/dataset/dataset.go:250.22,251.15 1 1
mini-wiki/internal/dataset/dataset.go:252.41,253.17 1 1
mini-wiki/internal/dataset/dataset.go:254.15,256.24 1 1
mini-wiki/internal/dataset/dataset.go:256.24,258.4 1 0
mini-wiki/internal/dataset/dataset.go:259.3,259.17 1 1
mini-wiki/internal/dataset/dataset.go:260.15,261.16 1 1
mini-wiki/internal/dataset/dataset.go:262.14,263.15 1 1
mini-wiki/internal/dataset/dataset.go:264.77,265.15 1 1
mini-wiki/internal/dataset/dataset.go:267.2,267.11 1 1
mini-wiki/internal/dataset/dataset.go:271.34,273.38 2 1
mini-wiki/internal/dataset/dataset.go:273.38,274.21 1 1
mini-wiki/internal/dataset/dataset.go:274.21,276.9 2 1
mini-wiki/internal/dataset/dataset.go:279.2,279.29 1 1
mini-wiki/internal/dataset/dataset.go:283.36,285.34 2 1
mini-wiki/internal/dataset/dataset.go:285.34,287.3 1 1
mini-wiki/internal/dataset/dataset.go:289.2,289.25 1 1
mini-wiki/internal/dataset/dataset.go:289.25,290.54 1 1
mini-wiki/internal/dataset/dataset.go:290.54,291.12 1 0
mini-wiki/internal/dataset/dataset.go:293.3,293.18 1 1
mini-wiki/internal/dataset/dataset.go:295.2,295.14 1 0
mini-wiki/internal/dataset/dataset.go:299.39,301.16 2 1
mini-wiki/internal/dataset/dataset.go:302.13,303.40 1 1
mini-wiki/internal/dataset/dataset.go:304.15,305.30 1 1
mini-wiki/internal/dataset/dataset.go:306.14,307.22 1 0
mini-wiki/internal/dataset/dataset.go:308.14,309.25 1 1
mini-wiki/internal/dataset/dataset.go:310.13,311.35 1 1
mini-wiki/internal/dataset/dataset.go:312.13,313.21 1 1
mini-wiki/internal/dataset/dataset.go:314.10,315.26 1 1
mini-wiki/internal/csvparser/parser.go:72.32,80.2 1 1
mini-wiki/internal/csvparser/parser.go:93.19,95.2 1 1
mini-wiki/internal/csvparser/parser.go:99.127,101.24 1 1
mini-wiki/internal/csvparser/parser.go:101.24,103.3 1 0
mini-wiki/internal/csvparser/parser.go:104.2,104.24 1 1
mini-wiki/internal/csvparser/parser.go:104.24,106.3 1 0
mini-wiki/internal/csvparser/parser.go:108.2,113.22 6 1
mini-wiki/internal/csvparser/parser.go:113.22,115.3 1 0
mini-wiki/internal/csvparser/parser.go:117.2,122.19 4 1
mini-wiki/internal/csvparser/parser.go:122.19,124.17 2 1
mini-wiki/internal/csvparser/parser.go:124.17,126.4 1 1
mini-wiki/internal/csvparser/parser.go:127.3,128.31 2 1
mini-wiki/internal/csvparser/parser.go:128.31,134.4 1 1
mini-wiki/internal/csvparser/parser.go:135.3,135.13 1 1
mini-wiki/internal/csvparser/parser.go:139.2,142.6 3 1
mini-wiki/internal/csvparser/parser.go:142.6,143.10 1 1
mini-wiki/internal/csvparser/parser.go:144.21,146.22 1 1
mini-wiki/internal/csvparser/parser.go:146.22,153.35 2 0
mini-wiki/internal/csvparser/parser.go:153.35,155.6 1 0
mini-wiki/internal/csvparser/parser.go:157.4,157.35 1 1
mini-wiki/internal/csvparser/parser.go:158.11,158.11 0 1
mini-wiki/internal/csvparser/parser.go:161.3,162.20 2 1
mini-wiki/internal/csvparser/parser.go:162.20,163.9 1 1
mini-wiki/internal/csvparser/parser.go:165.3,165.17 1 1
mini-wiki/internal/csvparser/parser.go:165.17,167.55 2 1
mini-wiki/internal/csvparser/parser.go:167.55,169.5 1 1
mini-wiki/internal/csvparser/parser.go:170.4,171.12 2 1
mini-wiki/internal/csvparser/parser.go:175.3,175.21 1 1
mini-wiki/internal/csvparser/parser.go:175.21,177.26 2 1
mini-wiki/internal/csvparser/parser.go:177.26,179.5 1 1
mini-wiki/internal/csvparser/parser.go:180.4,181.16 2 1
mini-wiki/internal/csvparser/parser.go:185.3,185.34 1 1
mini-wiki/internal/csvparser/parser.go:185.34,191.4 1 0
mini-wiki/internal/csvparser/parser.go:194.3,201.48 3 1
mini-wiki/internal/csvparser/parser.go:201.48,203.29 2 1
mini-wiki/internal/csvparser/parser.go:203.29,204.25 1 1
mini-wiki/internal/csvparser/parser.go:204.25,206.6 1 1
mini-wiki/internal/csvparser/parser.go:210.3,213.34 2 1
mini-wiki/internal/csvparser/parser.go:213.34,220.34 2 1
mini-wiki/internal/csvparser/parser.go:220.34,222.5 1 0
mini-wiki/internal/csvparser/parser.go:223.4,224.21 2 1
mini-wiki/internal/csvparser/parser.go:227.3,227.11 1 1
mini-wiki/internal/csvparser/parser.go:231.2,231.20 1 1
mini-wiki/internal/csvparser/parser.go:231.20,238.33 2 1
mini-wiki/internal/csvparser/parser.go:238.33,240.4 1 0
mini-wiki/internal/csvparser/parser.go:243.2,243.27 1 1
mini-wiki/internal/csvparser/parser.go:246.98,247.24 1 1
mini-wiki/internal/csvparser/parser.go:247.24,249.3 1 0
mini-wiki/internal/csvparser/parser.go:251.2,257.9 6 1
mini-wiki/internal/csvparser/parser.go:258.20,259.24 1 0
mini-wiki/internal/csvparser/parser.go:260.10,260.10 0 1
mini-wiki/internal/csvparser/parser.go:263.2,264.16 2 1
mini-wiki/internal/csvparser/parser.go:264.16,266.3 1 0
mini-wiki/internal/csvparser/parser.go:268.2,269.30 2 1
mini-wiki/internal/csvparser/parser.go:269.30,274.3 1 1
mini-wiki/internal/csvparser/parser.go:275.2,275.21 1 1
mini-wiki/internal/csvparser/parser.go:279.59,280.29 1 1
mini-wiki/internal/csvparser/parser.go:280.29,281.24 1 1
mini-wiki/internal/csvparser/parser.go:281.24,282.9 1 0
mini-wiki/internal/csvparser/parser.go:284.3,285.16 2 1
mini-wiki/internal/csvparser/parser.go:285.16,287.12 2 0
mini-wiki/internal/csvparser/parser.go:289.3,289.37 1 1
mini-wiki/internal/csvparser/parser.go:289.37,291.4 1 0
mini-wiki/internal/csvparser/parser.go:293.3,293.38 1 1
mini-wiki/internal/csvparser/parser.go:293.38,294.12 1 1
mini-wiki/internal/csvparser/parser.go:296.3,296.30 1 0
mini-wiki/internal/csvparser/parser.go:301.54,303.57 1 0
mini-wiki/internal/csvparser/parser.go:303.57,304.38 1 0
mini-wiki/internal/csvparser/parser.go:304.38,306.4 1 0
mini-wiki/internal/csvparser/parser.go:307.3,307.9 1 0
mini-wiki/internal/csvparser/parser.go:311.2,311.55 1 0
mini-wiki/internal/csvparser/parser.go:311.55,312.36 1 0
mini-wiki/internal/csvparser/parser.go:312.36,314.4 1 0
mini-wiki/internal/csvparser/parser.go:315.3,315.9 1 0
mini-wiki/internal/csvparser/parser.go:319.2,319.107 1 0
mini-wiki/internal/csvparser/parser.go:319.107,320.38 1 0
mini-wiki/internal/csvparser/parser.go:320.38,322.4 1 0
mini-wiki/internal/csvparser/parser.go:323.3,323.9 1 0
mini-wiki/internal/csvparser/parser.go:327.2,327.23 1 0
mini-wiki/internal/csvparser/parser.go:327.23,328.35 1 0
mini-wiki/internal/csvparser/parser.go:328.35,330.4 1 0
mini-wiki/internal/csvparser/parser.go:331.3,331.9 1 0
mini-wiki/internal/csvparser/parser.go:335.2,335.32 1 0
mini-wiki/internal/csvparser/parser.go:339.36,351.28 2 1
mini-wiki/internal/csvparser/parser.go:351.28,352.47 1 1
mini-wiki/internal/csvparser/parser.go:352.47,354.4 1 1
mini-wiki/internal/csvparser/parser.go:356.2,356.14 1 1
mini-wiki/internal/export/exporter.go:53.35,58.2 1 1
mini-wiki/internal/export/exporter.go:72.50,74.18 2 1
mini-wiki/internal/export/exporter.go:74.18,76.3 1 1
mini-wiki/internal/export/exporter.go:77.2,77.15 1 1
mini-wiki/internal/export/exporter.go:77.15,79.3 1 1
mini-wiki/internal/export/exporter.go:80.2,80.49 1 1
mini-wiki/internal/export/exporter.go:90.21,92.2 1 1
mini-wiki/internal/export/exporter.go:99.40,100.41 1 1
mini-wiki/internal/export/exporter.go:100.41,101.39 1 1
mini-wiki/internal/export/exporter.go:101.39,103.4 1 1
mini-wiki/internal/export/exporter.go:105.2,105.14 1 1
mini-wiki/internal/export/exporter.go:108.107,109.40 1 1
mini-wiki/internal/export/exporter.go:109.40,111.3 1 1
mini-wiki/internal/export/exporter.go:113.2,114.18 2 1
mini-wiki/internal/export/exporter.go:114.18,116.3 1 1
mini-wiki/internal/export/exporter.go:118.2,121.16 3 1
mini-wiki/internal/export/exporter.go:122.13,123.44 1 1
mini-wiki/internal/export/exporter.go:124.14,125.45 1 1
mini-wiki/internal/export/exporter.go:126.24,127.49 1 1
mini-wiki/internal/export/exporter.go:128.13,129.44 1 1
mini-wiki/internal/export/exporter.go:130.10,131.45 1 1
mini-wiki/internal/export/exporter.go:134.2,134.16 1 1
mini-wiki/internal/export/exporter.go:134.16,136.3 1 1
mini-wiki/internal/export/exporter.go:137.2,138.20 2 1
mini-wiki/internal/export/exporter.go:141.111,145.21 3 1
mini-wiki/internal/export/exporter.go:145.21,147.3 1 0
mini-wiki/internal/export/exporter.go:149.2,153.14 4 1
mini-wiki/internal/export/exporter.go:153.14,155.3 1 1
mini-wiki/internal/export/exporter.go:158.2,172.35 3 1
mini-wiki/internal/export/exporter.go:172.35,176.3 3 1
mini-wiki/internal/export/exporter.go:179.2,179.32 1 1
mini-wiki/internal/export/exporter.go:179.32,180.10 1 1
mini-wiki/internal/export/exporter.go:181.21,182.25 1 0
mini-wiki/internal/export/exporter.go:183.11,183.11 0 1
mini-wiki/internal/export/exporter.go:185.3,185.30 1 1
mini-wiki/internal/export/exporter.go:185.30,186.30 1 1
mini-wiki/internal/export/exporter.go:186.30,187.10 1 0
mini-wiki/internal/export/exporter.go:189.4,192.19 4 1
mini-wiki/internal/export/exporter.go:193.18,194.58 1 1
mini-wiki/internal/export/exporter.go:194.58,196.6 1 1
mini-wiki/internal/export/exporter.go:196.11,198.6 1 0
mini-wiki/internal/export/exporter.go:199.12,200.39 1 1
mini-wiki/internal/export/exporter.go:202.4,202.51 1 1
mini-wiki/internal/export/exporter.go:207.2,207.35 1 1
mini-wiki/internal/export/exporter.go:207.35,209.17 2 1
mini-wiki/internal/export/exporter.go:209.17,212.34 2 1
mini-wiki/internal/export/exporter.go:212.34,213.45 1 1
mini-wiki/internal/export/exporter.go:213.45,215.6 1 1
mini-wiki/internal/export/exporter.go:217.4,218.18 2 1
mini-wiki/internal/export/exporter.go:218.18,220.5 1 1
mini-wiki/internal/export/exporter.go:221.4,221.18 1 1
mini-wiki/internal/export/exporter.go:221.18,223.5 1 0
mini-wiki/internal/export/exporter.go:225.3,226.17 2 1
mini-wiki/internal/export/exporter.go:226.17,228.4 1 1
mini-wiki/internal/export/exporter.go:231.2,232.20 2 1
mini-wiki/internal/export/exporter.go:232.20,234.3 1 1
mini-wiki/internal/export/exporter.go:235.2,235.34 1 1
mini-wiki/internal/export/exporter.go:235.34,237.3 1 0
mini-wiki/internal/export/exporter.go:238.2,241.16 3 1
mini-wiki/internal/export/exporter.go:241.16,243.3 1 0
mini-wiki/internal/export/exporter.go:244.2,244.68 1 1
mini-wiki/internal/export/exporter.go:244.68,246.3 1 0
mini-wiki/internal/export/exporter.go:248.2,255.8 1 1
mini-wiki/internal/export/exporter.go:262.110,269.16 6 1
mini-wiki/internal/export/exporter.go:269.16,271.3 1 0
mini-wiki/internal/export/exporter.go:273.2,277.19 3 1
mini-wiki/internal/export/exporter.go:277.19,279.3 1 1
mini-wiki/internal/export/exporter.go:280.2,280.33 1 1
mini-wiki/internal/export/exporter.go:280.33,282.3 1 0
mini-wiki/internal/export/exporter.go:283.2,290.34 5 1
mini-wiki/internal/export/exporter.go:290.34,294.3 2 0
mini-wiki/internal/export/exporter.go:297.2,301.16 4 1
mini-wiki/internal/export/exporter.go:301.16,303.3 1 0
mini-wiki/internal/export/exporter.go:305.2,312.8 1 1
mini-wiki/internal/export/exporter.go:315.110,323.35 5 1
mini-wiki/internal/export/exporter.go:323.35,325.3 1 1
mini-wiki/internal/export/exporter.go:326.2,329.32 2 1
mini-wiki/internal/export/exporter.go:329.32,330.10 1 1
mini-wiki/internal/export/exporter.go:331.21,332.25 1 1
mini-wiki/internal/export/exporter.go:333.11,333.11 0 1
mini-wiki/internal/export/exporter.go:335.3,336.25 2 1
mini-wiki/internal/export/exporter.go:336.25,338.4 1 1
mini-wiki/internal/export/exporter.go:339.3,339.26 1 1
mini-wiki/internal/export/exporter.go:341.2,343.39 2 1
mini-wiki/internal/export/exporter.go:343.39,345.3 1 0
mini-wiki/internal/export/exporter.go:347.2,348.20 2 1
mini-wiki/internal/export/exporter.go:348.20,350.3 1 1
mini-wiki/internal/export/exporter.go:351.2,351.34 1 1
mini-wiki/internal/export/exporter.go:351.34,353.3 1 1
mini-wiki/internal/export/exporter.go:354.2,356.68 2 1
mini-wiki/internal/export/exporter.go:356.68,358.3 1 0
mini-wiki/internal/export/exporter.go:360.2,366.8 1 1
mini-wiki/internal/export/exporter.go:369.111,374.32 3 1
mini-wiki/internal/export/exporter.go:374.32,375.10 1 1
mini-wiki/internal/export/exporter.go:376.21,377.25 1 0
mini-wiki/internal/export/exporter.go:378.11,378.11 0 1
mini-wiki/internal/export/exporter.go:380.3,381.27 2 1
mini-wiki/internal/export/exporter.go:381.27,382.29 1 1
mini-wiki/internal/export/exporter.go:382.29,384.5 1 1
mini-wiki/internal/export/exporter.go:386.3,386.33 1 1
mini-wiki/internal/export/exporter.go:389.2,390.16 2 1
mini-wiki/internal/export/exporter.go:390.16,392.3 1 0
mini-wiki/internal/export/exporter.go:394.2,395.20 2 1
mini-wiki/internal/export/exporter.go:395.20,397.3 1 1
mini-wiki/internal/export/exporter.go:398.2,398.34 1 1
mini-wiki/internal/export/exporter.go:398.34,400.3 1 0
mini-wiki/internal/export/exporter.go:401.2,403.65 2 1
mini-wiki/internal/export/exporter.go:403.65,405.3 1 0
mini-wiki/internal/export/exporter.go:407.2,413.8 1 1
mini-wiki/internal/export/exporter.go:416.115,422.35 5 1
mini-wiki/internal/export/exporter.go:422.35,424.3 1 1
mini-wiki/internal/export/exporter.go:425.2,426.25 2 1
mini-wiki/internal/export/exporter.go:426.25,428.3 1 1
mini-wiki/internal/export/exporter.go:429.2,431.32 2 1
mini-wiki/internal/export/exporter.go:431.32,432.10 1 1
mini-wiki/internal/export/exporter.go:433.21,434.25 1 0
mini-wiki/internal/export/exporter.go:435.11,435.11 0 1
mini-wiki/internal/export/exporter.go:437.3,438.27 2 1
mini-wiki/internal/export/exporter.go:438.27,442.4 2 1
mini-wiki/internal/export/exporter.go:443.3,443.22 1 1
mini-wiki/internal/export/exporter.go:446.2,448.20 3 1
mini-wiki/internal/export/exporter.go:448.20,450.3 1 1
mini-wiki/internal/export/exporter.go:451.2,451.34 1 1
mini-wiki/internal/export/exporter.go:451.34,453.3 1 0
mini-wiki/internal/export/exporter.go:454.2,456.72 2 1
mini-wiki/internal/export/exporter.go:456.72,458.3 1 0
mini-wiki/internal/export/exporter.go:460.2,466.8 1 1
mini-wiki/internal/export/exporter.go:469.131,471.46 1 1
mini-wiki/internal/export/exporter.go:471.46,473.3 1 0
mini-wiki/internal/export/exporter.go:475.2,475.22 1 1
mini-wiki/internal/export/exporter.go:475.22,477.3 1 1
mini-wiki/internal/export/exporter.go:479.2,485.40 5 1
mini-wiki/internal/export/exporter.go:485.40,487.3 1 1
mini-wiki/internal/export/exporter.go:488.2,491.24 3 1
mini-wiki/internal/export/exporter.go:491.24,492.10 1 1
mini-wiki/internal/export/exporter.go:493.21,494.25 1 1
mini-wiki/internal/export/exporter.go:495.11,495.11 0 1
mini-wiki/internal/export/exporter.go:497.3,498.25 2 1
mini-wiki/internal/export/exporter.go:498.25,500.4 1 1
mini-wiki/internal/export/exporter.go:501.3,502.14 2 1
mini-wiki/internal/export/exporter.go:504.2,507.20 3 1
mini-wiki/internal/export/exporter.go:507.20,509.3 1 1
mini-wiki/internal/export/exporter.go:510.2,512.68 2 1
mini-wiki/internal/export/exporter.go:512.68,514.3 1 0
mini-wiki/internal/export/exporter.go:516.2,522.8 1 1
mini-wiki/internal/config/manager.go:36.30,38.16 2 1
mini-wiki/internal/config/manager.go:38.16,40.3 1 0
mini-wiki/internal/config/manager.go:42.2,43.53 2 1
mini-wiki/internal/config/manager.go:43.53,45.3 1 0
mini-wiki/internal/config/manager.go:47.2,55.56 3 1
mini-wiki/internal/config/manager.go:55.56,57.3 1 1
mini-wiki/internal/config/manager.go:59.2,59.15 1 1
mini-wiki/internal/config/manager.go:62.29,67.2 1 1
mini-wiki/internal/config/manager.go:70.32,75.16 4 1
mini-wiki/internal/config/manager.go:75.16,77.3 1 1
mini-wiki/internal/config/manager.go:79.2,79.40 1 1
mini-wiki/internal/config/manager.go:83.32,88.16 4 1
mini-wiki/internal/config/manager.go:88.16,90.3 1 0
mini-wiki/internal/config/manager.go:92.2,92.41 1 1
mini-wiki/internal/config/manager.go:96.32,100.2 3 1
mini-wiki/internal/config/manager.go:103.54,108.2 4 1
mini-wiki/internal/config/manager.go:111.37,115.2 3 1
mini-wiki/internal/config/manager.go:118.38,120.2 1 0
mini-wiki/internal/config/manager.go:123.42,124.22 1 1
mini-wiki/internal/config/manager.go:124.22,125.60 1 1
mini-wiki/internal/config/manager.go:125.60,127.4 1 1
mini-wiki/internal/config/manager.go:129.2,129.29 1 1
mini-wiki/internal/config/manager.go:134.41,138.2 3 1
mini-wiki/internal/config/manager.go:140.32,144.2 3 1
mini-wiki/internal/config/manager.go:146.42,150.2 3 1
mini-wiki/internal/fileref/resolver.go:53.37,57.2 1 1
mini-wiki/internal/fileref/resolver.go:75.21,77.2 1 1
mini-wiki/internal/fileref/resolver.go:86.66,91.60 2 1
mini-wiki/internal/fileref/resolver.go:91.60,94.81 2 1
mini-wiki/internal/fileref/resolver.go:94.81,96.4 1 1
mini-wiki/internal/fileref/resolver.go:96.9,96.75 1 1
mini-wiki/internal/fileref/resolver.go:96.75,98.4 1 1
mini-wiki/internal/fileref/resolver.go:99.3,99.19 1 1
mini-wiki/internal/fileref/resolver.go:99.19,101.4 1 1
mini-wiki/internal/fileref/resolver.go:104.2,104.28 1 1
mini-wiki/internal/fileref/resolver.go:107.54,111.32 3 1
mini-wiki/internal/fileref/resolver.go:111.32,112.19 1 1
mini-wiki/internal/fileref/resolver.go:112.19,113.12 1 0
mini-wiki/internal/fileref/resolver.go:116.3,128.27 4 1
mini-wiki/internal/fileref/resolver.go:131.2,131.13 1 1
mini-wiki/internal/fileref/resolver.go:136.59,138.16 2 1
mini-wiki/internal/fileref/resolver.go:138.16,140.3 1 0
mini-wiki/internal/fileref/resolver.go:143.2,143.29 1 1
mini-wiki/internal/fileref/resolver.go:143.29,145.3 1 1
mini-wiki/internal/fileref/resolver.go:147.2,149.16 3 1
mini-wiki/internal/fileref/resolver.go:149.16,151.3 1 1
mini-wiki/internal/fileref/resolver.go:154.2,154.89 1 1
mini-wiki/internal/fileref/resolver.go:154.89,156.3 1 0
mini-wiki/internal/fileref/resolver.go:158.2,158.20 1 1
mini-wiki/internal/fileref/resolver.go:161.108,165.19 3 1
mini-wiki/internal/fileref/resolver.go:165.19,168.17 3 0
mini-wiki/internal/fileref/resolver.go:168.17,170.4 1 0
mini-wiki/internal/fileref/resolver.go:174.2,175.16 2 1
mini-wiki/internal/fileref/resolver.go:175.16,177.3 1 1
mini-wiki/internal/fileref/resolver.go:180.2,181.16 2 1
mini-wiki/internal/fileref/resolver.go:181.16,183.3 1 0
mini-wiki/internal/fileref/resolver.go:184.2,188.16 3 1
mini-wiki/internal/fileref/resolver.go:188.16,190.3 1 0
mini-wiki/internal/fileref/resolver.go:191.2,191.11 1 1
mini-wiki/internal/fileref/resolver.go:191.11,193.3 1 1
mini-wiki/internal/fileref/resolver.go:196.2,198.48 3 1
mini-wiki/internal/fileref/resolver.go:198.48,201.3 1 0
mini-wiki/internal/fileref/resolver.go:202.2,203.16 2 1
mini-wiki/internal/fileref/resolver.go:203.16,205.3 1 0
mini-wiki/internal/fileref/resolver.go:208.2,208.18 1 1
mini-wiki/internal/fileref/resolver.go:208.18,212.18 4 0
mini-wiki/internal/fileref/resolver.go:212.18,214.4 1 0
mini-wiki/internal/fileref/resolver.go:215.3,215.54 1 0
mini-wiki/internal/fileref/resolver.go:218.2,218.27 1 1
mini-wiki/internal/fileref/resolver.go:221.140,224.29 2 1
mini-wiki/internal/fileref/resolver.go:224.29,226.3 1 0
mini-wiki/internal/fileref/resolver.go:228.2,232.27 2 1
mini-wiki/internal/fileref/resolver.go:232.27,234.17 2 1
mini-wiki/internal/fileref/resolver.go:234.17,239.12 2 0
mini-wiki/internal/fileref/resolver.go:242.3,244.39 3 1
mini-wiki/internal/fileref/resolver.go:247.2,247.20 1 1
mini-wiki/internal/fileref/resolver.go:250.70,251.48 1 1
mini-wiki/internal/fileref/resolver.go:251.48,253.3 1 1
mini-wiki/internal/fileref/resolver.go:255.2,260.34 4 1
mini-wiki/internal/fileref/resolver.go:260.34,262.3 1 1
mini-wiki/internal/fileref/resolver.go:264.2,264.34 1 1
mini-wiki/internal/fileref/resolver.go:264.34,266.26 1 1
mini-wiki/internal/fileref/resolver.go:266.26,268.4 1 0
mini-wiki/internal/fileref/resolver.go:271.3,272.10 2 1
mini-wiki/internal/fileref/resolver.go:272.10,275.12 3 0
mini-wiki/internal/fileref/resolver.go:278.3,279.18 2 1
mini-wiki/internal/fileref/resolver.go:279.18,282.12 3 0
mini-wiki/internal/fileref/resolver.go:286.3,288.17 3 1
mini-wiki/internal/fileref/resolver.go:288.17,290.4 1 0
mini-wiki/internal/fileref/resolver.go:292.3,293.37 2 1
mini-wiki/internal/fileref/resolver.go:293.37,294.63 1 0
mini-wiki/internal/fileref/resolver.go:294.63,296.5 1 0
mini-wiki/internal/fileref/resolver.go:299.3,300.20 2 1
mini-wiki/internal/fileref/resolver.go:304.2,304.25 1 1
mini-wiki/internal/fileref/resolver.go:304.25,306.3 1 1
mini-wiki/internal/fileref/resolver.go:308.2,308.20 1 1
mini-wiki/internal/fileref/resolver.go:312.32,312.45 1 1
mini-wiki/internal/fileref/resolver.go:314.33,315.13 1 1
mini-wiki/internal/fileref/resolver.go:315.13,317.3 1 1
mini-wiki/internal/fileref/resolver.go:318.2,318.13 1 1
mini-wiki/internal/fileref/resolver.go:318.13,320.3 1 1
mini-wiki/internal/fileref/resolver.go:321.2,321.10 1 1
mini-wiki/internal/fileref/resolver.go:325.36,327.2 1 1
mini-wiki/internal/filescanner/scanner.go:84.36,89.2 1 1
mini-wiki/internal/filescanner/scanner.go:104.20,106.2 1 1
mini-wiki/internal/filescanner/scanner.go:175.85,176.23 1 1
mini-wiki/internal/filescanner/scanner.go:176.23,179.17 3 0
mini-wiki/internal/filescanner/scanner.go:179.17,181.4 1 0
mini-wiki/internal/filescanner/scanner.go:183.2,183.22 1 1
mini-wiki/internal/filescanner/scanner.go:183.22,185.3 1 0
mini-wiki/internal/filescanner/scanner.go:187.2,190.16 3 1
mini-wiki/internal/filescanner/scanner.go:190.16,192.3 1 0
mini-wiki/internal/filescanner/scanner.go:193.2,194.16 2 1
mini-wiki/internal/filescanner/scanner.go:194.16,196.3 1 0
mini-wiki/internal/filescanner/scanner.go:198.2,204.84 6 1
mini-wiki/internal/filescanner/scanner.go:204.84,205.17 1 1
mini-wiki/internal/filescanner/scanner.go:205.17,208.4 1 0
mini-wiki/internal/filescanner/scanner.go:210.3,210.10 1 1
mini-wiki/internal/filescanner/scanner.go:211.21,212.20 1 1
mini-wiki/internal/filescanner/scanner.go:213.11,213.11 0 1
mini-wiki/internal/filescanner/scanner.go:217.3,217.35 1 1
mini-wiki/internal/filescanner/scanner.go:217.35,219.18 2 0
mini-wiki/internal/filescanner/scanner.go:219.18,222.5 2 0
mini-wiki/internal/filescanner/scanner.go:223.4,223.91 1 0
mini-wiki/internal/filescanner/scanner.go:223.91,226.5 2 0
mini-wiki/internal/filescanner/scanner.go:229.3,229.16 1 1
mini-wiki/internal/filescanner/scanner.go:229.16,232.58 2 1
mini-wiki/internal/filescanner/scanner.go:232.58,234.5 1 1
mini-wiki/internal/filescanner/scanner.go:236.4,236.22 1 1
mini-wiki/internal/filescanner/scanner.go:236.22,238.5 1 1
mini-wiki/internal/filescanner/scanner.go:240.4,241.18 2 1
mini-wiki/internal/filescanner/scanner.go:241.18,243.50 2 1
mini-wiki/internal/filescanner/scanner.go:243.50,245.6 1 0
mini-wiki/internal/filescanner/scanner.go:246.5,246.30 1 1
mini-wiki/internal/filescanner/scanner.go:246.30,248.6 1 0
mini-wiki/internal/filescanner/scanner.go:250.4,251.14 2 1
mini-wiki/internal/filescanner/scanner.go:256.3,256.32 1 1
mini-wiki/internal/filescanner/scanner.go:256.32,259.4 2 0
mini-wiki/internal/filescanner/scanner.go:262.3,262.61 1 1
mini-wiki/internal/filescanner/scanner.go:262.61,265.4 2 1
mini-wiki/internal/filescanner/scanner.go:267.3,268.17 2 1
mini-wiki/internal/filescanner/scanner.go:268.17,270.4 1 0
mini-wiki/internal/filescanner/scanner.go:273.3,273.32 1 1
mini-wiki/internal/filescanner/scanner.go:273.32,276.4 2 1
mini-wiki/internal/filescanner/scanner.go:279.3,283.16 3 1
mini-wiki/internal/filescanner/scanner.go:283.16,285.26 2 0
mini-wiki/internal/filescanner/scanner.go:285.26,288.5 2 0
mini-wiki/internal/filescanner/scanner.go:288.10,288.35 1 0
mini-wiki/internal/filescanner/scanner.go:288.35,291.5 2 0
mini-wiki/internal/filescanner/scanner.go:294.3,307.13 5 1
mini-wiki/internal/filescanner/scanner.go:310.2,310.16 1 1
mini-wiki/internal/filescanner/scanner.go:310.16,312.3 1 1
mini-wiki/internal/filescanner/scanner.go:314.2,321.8 1 1
mini-wiki/internal/filescanner/scanner.go:325.64,330.9 3 1
mini-wiki/internal/filescanner/scanner.go:330.9,332.3 1 1
mini-wiki/internal/filescanner/scanner.go:335.2,336.9 2 1
mini-wiki/internal/filescanner/scanner.go:336.9,338.3 1 1
mini-wiki/internal/filescanner/scanner.go:340.2,340.21 1 1
mini-wiki/internal/filescanner/scanner.go:344.61,346.16 2 1
mini-wiki/internal/filescanner/scanner.go:346.16,348.3 1 0
mini-wiki/internal/filescanner/scanner.go:349.2,353.63 4 1
mini-wiki/internal/filescanner/scanner.go:353.63,355.3 1 0
mini-wiki/internal/filescanner/scanner.go:356.2,359.23 2 1
mini-wiki/internal/filescanner/scanner.go:359.23,361.3 1 1
mini-wiki/internal/filescanner/scanner.go:364.2,365.38 2 1
mini-wiki/internal/filescanner/scanner.go:365.38,367.3 1 1
mini-wiki/internal/filescanner/scanner.go:368.2,368.28 1 0
mini-wiki/internal/filescanner/scanner.go:368.28,370.3 1 0
mini-wiki/internal/filescanner/scanner.go:371.2,371.19 1 0
mini-wiki/internal/filescanner/scanner.go:400.36,401.19 1 1
mini-wiki/internal/filescanner/scanner.go:401.19,403.3 1 1
mini-wiki/internal/filescanner/scanner.go:406.2,406.24 1 1
mini-wiki/internal/filescanner/scanner.go:406.24,407.13 1 1
mini-wiki/internal/filescanner/scanner.go:407.13,409.4 1 1
mini-wiki/internal/filescanner/scanner.go:413.2,413.44 1 1
mini-wiki/internal/filescanner/scanner.go:413.44,414.29 1 1
mini-wiki/internal/filescanner/scanner.go:414.29,416.28 2 1
mini-wiki/internal/filescanner/scanner.go:416.28,417.20 1 1
mini-wiki/internal/filescanner/scanner.go:417.20,419.11 2 1
mini-wiki/internal/filescanner/scanner.go:422.4,422.13 1 1
mini-wiki/internal/filescanner/scanner.go:422.13,424.5 1 1
mini-wiki/internal/filescanner/scanner.go:428.2,428.14 1 1
mini-wiki/internal/filescanner/scanner.go:432.64,434.16 2 1
mini-wiki/internal/filescanner/scanner.go:434.16,436.3 1 0
mini-wiki/internal/filescanner/scanner.go:437.2,441.63 4 1
mini-wiki/internal/filescanner/scanner.go:441.63,443.3 1 0
mini-wiki/internal/filescanner/scanner.go:444.2,447.23 2 1
mini-wiki/internal/filescanner/scanner.go:447.23,449.3 1 1
mini-wiki/internal/filescanner/scanner.go:452.2,453.38 2 1
mini-wiki/internal/filescanner/scanner.go:453.38,455.3 1 1
mini-wiki/internal/filescanner/scanner.go:456.2,456.28 1 0
mini-wiki/internal/filescanner/scanner.go:456.28,458.3 1 0
mini-wiki/internal/filescanner/scanner.go:459.2,459.20 1 0
mini-wiki/internal/kb/db.go:88.15,90.2 1 1
mini-wiki/internal/kb/db.go:98.66,101.47 2 1
mini-wiki/internal/kb/db.go:101.47,103.3 1 1
mini-wiki/internal/kb/db.go:105.2,106.16 2 1
mini-wiki/internal/kb/db.go:106.16,108.3 1 0
mini-wiki/internal/kb/db.go:111.2,117.39 4 1
mini-wiki/internal/kb/db.go:117.39,120.3 2 0
mini-wiki/internal/kb/db.go:123.2,125.12 2 1
mini-wiki/internal/kb/db.go:128.34,129.17 1 1
mini-wiki/internal/kb/db.go:129.17,131.3 1 1
mini-wiki/internal/kb/db.go:132.2,132.12 1 0
mini-wiki/internal/kb/db.go:135.55,182.31 2 1
mini-wiki/internal/kb/db.go:182.31,183.53 1 1
mini-wiki/internal/kb/db.go:183.53,185.4 1 0
mini-wiki/internal/kb/db.go:187.2,187.12 1 1
mini-wiki/internal/kb/db.go:190.76,204.2 4 1
mini-wiki/internal/kb/db.go:206.91,214.135 6 1
mini-wiki/internal/kb/db.go:214.135,215.27 1 1
mini-wiki/internal/kb/db.go:215.27,217.4 1 1
mini-wiki/internal/kb/db.go:218.3,218.18 1 0
mini-wiki/internal/kb/db.go:220.2,222.18 3 1
mini-wiki/internal/kb/db.go:225.73,230.16 4 1
mini-wiki/internal/kb/db.go:230.16,232.3 1 0
mini-wiki/internal/kb/db.go:233.2,236.18 3 1
mini-wiki/internal/kb/db.go:236.18,239.137 3 1
mini-wiki/internal/kb/db.go:239.137,241.4 1 0
mini-wiki/internal/kb/db.go:242.3,244.33 3 1
mini-wiki/internal/kb/db.go:246.2,246.28 1 1
mini-wiki/internal/kb/db.go:249.71,254.16 4 1
mini-wiki/internal/kb/db.go:254.16,256.3 1 0
mini-wiki/internal/kb/db.go:257.2,260.98 2 1
mini-wiki/internal/kb/db.go:260.98,262.3 1 0
mini-wiki/internal/kb/db.go:264.2,264.97 1 1
mini-wiki/internal/kb/db.go:264.97,266.3 1 0
mini-wiki/internal/kb/db.go:267.2,267.20 1 1
mini-wiki/internal/kb/db.go:270.86,271.20 1 1
mini-wiki/internal/kb/db.go:271.20,273.3 1 1
mini-wiki/internal/kb/db.go:275.2,279.16 4 1
mini-wiki/internal/kb/db.go:279.16,281.3 1 0
mini-wiki/internal/kb/db.go:282.2,285.16 3 1
mini-wiki/internal/kb/db.go:285.16,287.3 1 0
mini-wiki/internal/kb/db.go:288.2,291.27 3 1
mini-wiki/internal/kb/db.go:291.27,294.34 2 1
mini-wiki/internal/kb/db.go:294.34,295.13 1 1
mini-wiki/internal/kb/db.go:295.13,297.5 1 1
mini-wiki/internal/kb/db.go:298.4,298.32 1 1
mini-wiki/internal/kb/db.go:298.32,300.5 1 1
mini-wiki/internal/kb/db.go:301.4,301.25 1 1
mini-wiki/internal/kb/db.go:304.3,304.96 1 1
mini-wiki/internal/kb/db.go:304.96,306.4 1 0
mini-wiki/internal/kb/db.go:307.3,307.13 1 1
mini-wiki/internal/kb/db.go:310.2,310.36 1 1
mini-wiki/internal/kb/db.go:310.36,312.3 1 0
mini-wiki/internal/kb/db.go:314.2,314.50 1 1
mini-wiki/internal/kb/db.go:317.101,321.16 3 1
mini-wiki/internal/kb/db.go:321.16,323.3 1 1
mini-wiki/internal/kb/db.go:326.2,337.16 3 1
mini-wiki/internal/kb/db.go:337.16,339.3 1 0
mini-wiki/internal/kb/db.go:340.2,343.18 3 1
mini-wiki/internal/kb/db.go:343.18,345.97 2 1
mini-wiki/internal/kb/db.go:345.97,347.4 1 0
mini-wiki/internal/kb/db.go:348.3,348.31 1 1
mini-wiki/internal/kb/db.go:350.2,350.28 1 1
mini-wiki/internal/kb/db.go:353.71,378.2 18 1
mini-wiki/internal/memory/memory.go:74.21,78.2 1 1
mini-wiki/internal/memory/memory.go:85.33,87.16 2 1
mini-wiki/internal/memory/memory.go:87.16,89.3 1 0
mini-wiki/internal/memory/memory.go:90.2,91.53 2 1
mini-wiki/internal/memory/memory.go:91.53,93.3 1 0
mini-wiki/internal/memory/memory.go:94.2,94.12 1 1
mini-wiki/internal/memory/memory.go:97.41,97.91 1 1
mini-wiki/internal/memory/memory.go:98.41,98.90 1 1
mini-wiki/internal/memory/memory.go:99.41,99.92 1 1
mini-wiki/internal/memory/memory.go:101.65,103.16 2 1
mini-wiki/internal/memory/memory.go:103.16,104.25 1 1
mini-wiki/internal/memory/memory.go:104.25,106.4 1 1
mini-wiki/internal/memory/memory.go:107.3,107.13 1 0
mini-wiki/internal/memory/memory.go:109.2,109.34 1 1
mini-wiki/internal/memory/memory.go:112.65,114.16 2 1
mini-wiki/internal/memory/memory.go:114.16,116.3 1 0
mini-wiki/internal/memory/memory.go:117.2,117.39 1 1
mini-wiki/internal/memory/memory.go:126.53,134.30 5 1
mini-wiki/internal/memory/memory.go:134.30,135.27 1 1
mini-wiki/internal/memory/memory.go:135.27,138.4 2 1
mini-wiki/internal/memory/memory.go:141.2,142.41 2 1
mini-wiki/internal/memory/memory.go:145.64,150.56 4 1
mini-wiki/internal/memory/memory.go:150.56,152.3 1 0
mini-wiki/internal/memory/memory.go:154.2,154.20 1 1
mini-wiki/internal/memory/memory.go:154.20,156.3 1 1
mini-wiki/internal/memory/memory.go:158.2,159.30 2 1
mini-wiki/internal/memory/memory.go:159.30,160.29 1 1
mini-wiki/internal/memory/memory.go:160.29,162.4 1 1
mini-wiki/internal/memory/memory.go:164.2,164.22 1 1
mini-wiki/internal/memory/memory.go:167.58,172.56 4 1
mini-wiki/internal/memory/memory.go:172.56,174.3 1 0
mini-wiki/internal/memory/memory.go:176.2,176.30 1 1
mini-wiki/internal/memory/memory.go:176.30,177.21 1 1
mini-wiki/internal/memory/memory.go:177.21,179.4 1 1
mini-wiki/internal/memory/memory.go:181.2,181.17 1 1
mini-wiki/internal/memory/memory.go:184.55,189.56 4 1
mini-wiki/internal/memory/memory.go:189.56,191.3 1 0
mini-wiki/internal/memory/memory.go:193.2,194.30 2 1
mini-wiki/internal/memory/memory.go:194.30,196.3 1 1
mini-wiki/internal/memory/memory.go:197.2,198.24 2 1
mini-wiki/internal/memory/memory.go:198.24,200.3 1 1
mini-wiki/internal/memory/memory.go:201.2,201.18 1 1
mini-wiki/internal/memory/memory.go:210.51,217.20 5 1
mini-wiki/internal/memory/memory.go:217.20,219.3 1 1
mini-wiki/internal/memory/memory.go:220.2,220.30 1 1
mini-wiki/internal/memory/memory.go:220.30,222.3 1 1
mini-wiki/internal/memory/memory.go:224.2,225.40 2 1
mini-wiki/internal/memory/memory.go:228.66,233.55 4 1
mini-wiki/internal/memory/memory.go:233.55,235.3 1 0
mini-wiki/internal/memory/memory.go:237.2,237.21 1 1
mini-wiki/internal/memory/memory.go:237.21,239.3 1 1
mini-wiki/internal/memory/memory.go:241.2,242.29 2 1
mini-wiki/internal/memory/memory.go:242.29,243.30 1 1
mini-wiki/internal/memory/memory.go:243.30,245.4 1 1
mini-wiki/internal/memory/memory.go:247.2,247.22 1 1
mini-wiki/internal/memory/memory.go:250.59,255.55 4 1
mini-wiki/internal/memory/memory.go:255.55,257.3 1 0
mini-wiki/internal/memory/memory.go:259.2,259.29 1 1
mini-wiki/internal/memory/memory.go:259.29,260.17 1 1
mini-wiki/internal/memory/memory.go:260.17,262.4 1 1
mini-wiki/internal/memory/memory.go:264.2,264.17 1 1
mini-wiki/internal/memory/memory.go:267.49,272.55 4 1
mini-wiki/internal/memory/memory.go:272.55,274.3 1 0
mini-wiki/internal/memory/memory.go:276.2,276.29 1 1
mini-wiki/internal/memory/memory.go:276.29,277.17 1 1
mini-wiki/internal/memory/memory.go:277.17,281.4 3 1
mini-wiki/internal/memory/memory.go:283.2,283.45 1 1
mini-wiki/internal/memory/memory.go:288.58,292.2 3 1
mini-wiki/internal/memory/memory.go:294.57,299.60 4 1
mini-wiki/internal/memory/memory.go:299.60,301.3 1 0
mini-wiki/internal/memory/memory.go:302.2,302.20 1 1
mini-wiki/internal/modelmgr/manager.go:25.41,29.2 1 1
mini-wiki/internal/modelmgr/manager.go:32.35,36.2 3 1
mini-wiki/internal/modelmgr/manager.go:40.48,44.27 3 1
mini-wiki/internal/modelmgr/manager.go:44.27,46.3 1 1
mini-wiki/internal/modelmgr/manager.go:48.2,48.36 1 1
mini-wiki/internal/modelmgr/manager.go:48.36,49.25 1 1
mini-wiki/internal/modelmgr/manager.go:49.25,52.4 2 1
mini-wiki/internal/modelmgr/manager.go:54.2,54.67 1 1
mini-wiki/internal/modelmgr/manager.go:58.37,62.2 3 1
mini-wiki/internal/modelmgr/manager.go:65.44,69.2 3 1
mini-wiki/internal/modelmgr/manager.go:72.46,78.2 5 1
mini-wiki/internal/modelmgr/manager.go:81.45,85.36 4 1
mini-wiki/internal/modelmgr/manager.go:85.36,87.3 1 1
mini-wiki/internal/modelmgr/manager.go:88.2,88.14 1 1
mini-wiki/internal/modelmgr/manager.go:93.54,95.16 2 1
mini-wiki/internal/modelmgr/manager.go:95.16,97.3 1 1
mini-wiki/internal/modelmgr/manager.go:100.2,100.41 1 1
mini-wiki/internal/modelmgr/manager.go:100.41,102.3 1 1
mini-wiki/internal/modelmgr/manager.go:104.2,110.39 4 1
mini-wiki/internal/modelmgr/manager.go:110.39,112.3 1 1
mini-wiki/internal/modelmgr/manager.go:115.2,115.41 1 1
mini-wiki/internal/modelmgr/manager.go:115.41,116.32 1 1
mini-wiki/internal/modelmgr/manager.go:116.32,117.30 1 1
mini-wiki/internal/modelmgr/manager.go:117.30,119.10 2 1
mini-wiki/internal/modelmgr/manager.go:124.2,124.12 1 1
mini-wiki/internal/modelmgr/manager.go:128.42,136.20 5 1
mini-wiki/internal/modelmgr/manager.go:136.20,139.3 2 1
mini-wiki/internal/modelmgr/manager.go:142.2,142.43 1 1
mini-wiki/internal/modelmgr/manager.go:142.43,145.3 2 1
mini-wiki/internal/modelmgr/manager.go:148.2,148.36 1 1
mini-wiki/internal/modelmgr/manager.go:148.36,149.24 1 1
mini-wiki/internal/modelmgr/manager.go:149.24,152.4 2 1
mini-wiki/internal/modelmgr/manager.go:155.2,155.14 1 1
mini-wiki/internal/ollama/launcher.go:21.43,23.2 1 0
mini-wiki/internal/ollama/launcher.go:27.69,29.43 1 0
mini-wiki/internal/ollama/launcher.go:29.43,31.3 1 0
mini-wiki/internal/ollama/launcher.go:34.2,34.43 1 0
mini-wiki/internal/ollama/launcher.go:34.43,36.3 1 0
mini-wiki/internal/ollama/launcher.go:38.2,41.44 2 0
mini-wiki/internal/ollama/launcher.go:41.44,45.3 2 0
mini-wiki/internal/ollama/launcher.go:47.2,47.18 1 0
mini-wiki/internal/ollama/launcher.go:52.31,53.33 1 0
mini-wiki/internal/ollama/launcher.go:53.33,55.3 1 0
mini-wiki/internal/ollama/launcher.go:59.36,61.2 1 0
mini-wiki/internal/ollama/launcher.go:64.59,67.16 2 0
mini-wiki/internal/ollama/launcher.go:67.16,69.3 1 0
mini-wiki/internal/ollama/launcher.go:71.2,80.36 5 0
mini-wiki/internal/ollama/launcher.go:80.36,82.3 1 0
mini-wiki/internal/ollama/launcher.go:84.2,88.12 2 0
mini-wiki/internal/ollama/launcher.go:88.12,90.3 1 0
mini-wiki/internal/ollama/launcher.go:92.2,92.12 1 0
mini-wiki/internal/ollama/launcher.go:96.60,105.34 6 0
mini-wiki/internal/ollama/launcher.go:105.34,106.10 1 0
mini-wiki/internal/ollama/launcher.go:107.25,108.24 1 0
mini-wiki/internal/ollama/launcher.go:109.19,110.49 1 0
mini-wiki/internal/ollama/launcher.go:110.49,112.5 1 0
mini-wiki/internal/ollama/launcher.go:116.2,116.68 1 0
mini-wiki/internal/ollama/launcher.go:120.31,121.42 1 0
mini-wiki/internal/ollama/launcher.go:121.42,127.13 3 0
mini-wiki/internal/ollama/launcher.go:127.13,130.4 2 0
mini-wiki/internal/ollama/launcher.go:132.3,132.10 1 0
mini-wiki/internal/ollama/launcher.go:133.15,133.15 0 0
mini-wiki/internal/ollama/launcher.go:134.38,136.28 1 0
mini-wiki/internal/ollama/launcher.go:139.3,139.14 1 0
mini-wiki/internal/ollama/process_linux.go:12.56,16.2 1 0
mini-wiki/internal/ollama/process_linux.go:19.38,20.38 1 0
mini-wiki/internal/ollama/process_linux.go:20.38,22.3 1 0
mini-wiki/internal/ollama/process_linux.go:24.2,25.41 2 0
mini-wiki/internal/ollama/transport.go:35.37,36.29 1 1
mini-wiki/internal/ollama/transport.go:36.29,38.3 1 1
mini-wiki/internal/ollama/transport.go:42.45,43.29 1 1
mini-wiki/internal/ollama/transport.go:43.29,45.3 1 1
mini-wiki/internal/ollama/transport.go:49.48,68.27 2 1
mini-wiki/internal/ollama/transport.go:68.27,70.3 1 1
mini-wiki/internal/ollama/transport.go:72.2,72.10 1 1
mini-wiki/internal/ollama/transport.go:76.39,80.2 3 1
mini-wiki/internal/ollama/transport.go:83.54,88.16 4 1
mini-wiki/internal/ollama/transport.go:88.16,90.3 1 1
mini-wiki/internal/ollama/transport.go:91.2,91.12 1 1
mini-wiki/internal/ollama/transport.go:95.71,100.16 4 1
mini-wiki/internal/ollama/transport.go:100.16,102.3 1 1
mini-wiki/internal/ollama/transport.go:104.2,105.52 2 1
mini-wiki/internal/ollama/transport.go:105.52,107.3 1 1
mini-wiki/internal/ollama/transport.go:109.2,109.25 1 1
mini-wiki/internal/ollama/transport.go:113.87,119.16 5 1
mini-wiki/internal/ollama/transport.go:119.16,122.67 2 1
mini-wiki/internal/ollama/transport.go:122.67,124.4 1 1
mini-wiki/internal/ollama/transport.go:125.3,125.60 1 1
mini-wiki/internal/ollama/transport.go:128.2,129.52 2 1
mini-wiki/internal/ollama/transport.go:129.52,131.3 1 1
mini-wiki/internal/ollama/transport.go:133.2,133.18 1 1
mini-wiki/internal/ollama/transport.go:137.103,141.16 3 1
mini-wiki/internal/ollama/transport.go:141.16,143.3 1 0
mini-wiki/internal/ollama/transport.go:145.2,146.16 2 1
mini-wiki/internal/ollama/transport.go:146.16,148.3 1 0
mini-wiki/internal/ollama/transport.go:149.2,152.16 3 1
mini-wiki/internal/ollama/transport.go:152.16,154.3 1 0
mini-wiki/internal/ollama/transport.go:156.2,156.38 1 1
mini-wiki/internal/ollama/transport.go:156.38,160.3 3 1
mini-wiki/internal/ollama/transport.go:164.2,165.12 2 1
mini-wiki/internal/ollama/transport.go:165.12,172.22 5 1
mini-wiki/internal/ollama/transport.go:172.22,174.18 2 1
mini-wiki/internal/ollama/transport.go:174.18,175.13 1 1
mini-wiki/internal/ollama/transport.go:178.4,179.63 2 1
mini-wiki/internal/ollama/transport.go:179.63,180.12 1 1
mini-wiki/internal/ollama/transport.go:181.81,181.81 0 1
mini-wiki/internal/ollama/transport.go:182.23,182.23 0 0
mini-wiki/internal/ollama/transport.go:184.5,184.11 1 1
mini-wiki/internal/ollama/transport.go:187.4,187.11 1 1
mini-wiki/internal/ollama/transport.go:188.21,188.21 0 1
mini-wiki/internal/ollama/transport.go:189.22,190.11 1 1
mini-wiki/internal/ollama/transport.go:193.4,193.18 1 1
mini-wiki/internal/ollama/transport.go:193.18,195.5 1 1
mini-wiki/internal/ollama/transport.go:198.3,198.39 1 1
mini-wiki/internal/ollama/transport.go:198.39,199.11 1 1
mini-wiki/internal/ollama/transport.go:200.78,200.78 0 1
mini-wiki/internal/ollama/transport.go:201.22,201.22 0 0
mini-wiki/internal/ollama/transport.go:206.2,206.16 1 1
mini-wiki/internal/ollama/transport.go:210.99,216.16 5 1
mini-wiki/internal/ollama/transport.go:216.16,218.3 1 1
mini-wiki/internal/ollama/transport.go:220.2,221.52 2 1
mini-wiki/internal/ollama/transport.go:221.52,223.3 1 0
mini-wiki/internal/ollama/transport.go:225.2,225.18 1 1
mini-wiki/internal/ollama/transport.go:229.85,234.16 4 1
mini-wiki/internal/ollama/transport.go:234.16,236.3 1 1
mini-wiki/internal/ollama/transport.go:238.2,239.52 2 1
mini-wiki/internal/ollama/transport.go:239.52,241.3 1 1
mini-wiki/internal/ollama/transport.go:243.2,243.18 1 1
mini-wiki/internal/ollama/transport.go:247.100,249.17 2 1
mini-wiki/internal/ollama/transport.go:249.17,251.17 2 1
mini-wiki/internal/ollama/transport.go:251.17,253.4 1 1
mini-wiki/internal/ollama/transport.go:254.3,254.31 1 1
mini-wiki/internal/ollama/transport.go:257.2,259.16 3 1
mini-wiki/internal/ollama/transport.go:259.16,261.3 1 0
mini-wiki/internal/ollama/transport.go:262.2,266.16 4 1
mini-wiki/internal/ollama/transport.go:266.16,268.3 1 1
mini-wiki/internal/ollama/transport.go:269.2,272.16 3 1
mini-wiki/internal/ollama/transport.go:272.16,274.3 1 0
mini-wiki/internal/ollama/transport.go:276.2,276.53 1 1
mini-wiki/internal/ollama/transport.go:276.53,278.3 1 1
mini-wiki/internal/ollama/transport.go:280.2,280.22 1 1
mini-wiki/internal/projectkb/projectkb.go:177.15,179.2 1 1
mini-wiki/internal/projectkb/projectkb.go:188.72,192.51 3 1
mini-wiki/internal/projectkb/projectkb.go:192.51,194.3 1 0
mini-wiki/internal/projectkb/projectkb.go:195.2,199.16 4 1
mini-wiki/internal/projectkb/projectkb.go:199.16,201.3 1 0
mini-wiki/internal/projectkb/projectkb.go:202.2,206.39 3 1
mini-wiki/internal/projectkb/projectkb.go:206.39,209.3 2 0
mini-wiki/internal/projectkb/projectkb.go:211.2,212.12 2 1
mini-wiki/internal/projectkb/projectkb.go:215.35,216.17 1 1
mini-wiki/internal/projectkb/projectkb.go:216.17,218.3 1 1
mini-wiki/internal/projectkb/projectkb.go:219.2,219.12 1 0
mini-wiki/internal/projectkb/projectkb.go:222.41,222.64 1 1
mini-wiki/internal/projectkb/projectkb.go:224.56,338.31 2 1
mini-wiki/internal/projectkb/projectkb.go:338.31,339.53 1 1
mini-wiki/internal/projectkb/projectkb.go:339.53,341.4 1 0
mini-wiki/internal/projectkb/projectkb.go:343.2,343.12 1 1
mini-wiki/internal/projectkb/projectkb.go:348.99,353.16 4 1
mini-wiki/internal/projectkb/projectkb.go:353.16,355.3 1 0
mini-wiki/internal/projectkb/projectkb.go:356.2,361.25 3 1
mini-wiki/internal/projectkb/projectkb.go:361.25,366.17 1 1
mini-wiki/internal/projectkb/projectkb.go:366.17,368.4 1 0
mini-wiki/internal/projectkb/projectkb.go:370.2,370.20 1 1
mini-wiki/internal/projectkb/projectkb.go:373.95,380.16 4 1
mini-wiki/internal/projectkb/projectkb.go:380.16,382.3 1 0
mini-wiki/internal/projectkb/projectkb.go:383.2,386.18 3 1
mini-wiki/internal/projectkb/projectkb.go:386.18,388.103 2 1
mini-wiki/internal/projectkb/projectkb.go:388.103,390.4 1 0
mini-wiki/internal/projectkb/projectkb.go:391.3,391.25 1 1
mini-wiki/internal/projectkb/projectkb.go:393.2,393.25 1 1
mini-wiki/internal/projectkb/projectkb.go:396.96,401.16 4 1
mini-wiki/internal/projectkb/projectkb.go:401.16,403.3 1 0
mini-wiki/internal/projectkb/projectkb.go:404.2,408.28 3 1
mini-wiki/internal/projectkb/projectkb.go:408.28,412.17 1 1
mini-wiki/internal/projectkb/projectkb.go:412.17,414.4 1 0
mini-wiki/internal/projectkb/projectkb.go:416.2,416.20 1 1
mini-wiki/internal/projectkb/projectkb.go:419.89,425.16 4 1
mini-wiki/internal/projectkb/projectkb.go:425.16,427.3 1 0
mini-wiki/internal/projectkb/projectkb.go:428.2,431.18 3 1
mini-wiki/internal/projectkb/projectkb.go:431.18,433.85 2 1
mini-wiki/internal/projectkb/projectkb.go:433.85,435.4 1 0
mini-wiki/internal/projectkb/projectkb.go:436.3,436.31 1 1
mini-wiki/internal/projectkb/projectkb.go:438.2,438.28 1 1
mini-wiki/internal/projectkb/projectkb.go:441.107,446.16 4 1
mini-wiki/internal/projectkb/projectkb.go:446.16,448.3 1 0
mini-wiki/internal/projectkb/projectkb.go:449.2,453.31 3 1
mini-wiki/internal/projectkb/projectkb.go:453.31,457.17 1 1
mini-wiki/internal/projectkb/projectkb.go:457.17,459.4 1 0
mini-wiki/internal/projectkb/projectkb.go:461.2,461.20 1 1
mini-wiki/internal/projectkb/projectkb.go:464.97,470.16 4 1
mini-wiki/internal/projectkb/projectkb.go:470.16,472.3 1 0
mini-wiki/internal/projectkb/projectkb.go:473.2,476.18 3 1
mini-wiki/internal/projectkb/projectkb.go:476.18,478.98 2 1
mini-wiki/internal/projectkb/projectkb.go:478.98,480.4 1 0
mini-wiki/internal/projectkb/projectkb.go:481.3,481.27 1 1
mini-wiki/internal/projectkb/projectkb.go:483.2,483.26 1 1
mini-wiki/internal/projectkb/projectkb.go:486.94,491.16 4 1
mini-wiki/internal/projectkb/projectkb.go:491.16,493.3 1 0
mini-wiki/internal/projectkb/projectkb.go:494.2,498.28 3 1
mini-wiki/internal/projectkb/projectkb.go:498.28,502.17 1 1
mini-wiki/internal/projectkb/projectkb.go:502.17,504.4 1 0
mini-wiki/internal/projectkb/projectkb.go:506.2,506.20 1 1
mini-wiki/internal/projectkb/projectkb.go:509.87,515.16 4 1
mini-wiki/internal/projectkb/projectkb.go:515.16,517.3 1 0
mini-wiki/internal/projectkb/projectkb.go:518.2,521.18 3 1
mini-wiki/internal/projectkb/projectkb.go:521.18,523.88 2 1
mini-wiki/internal/projectkb/projectkb.go:523.88,525.4 1 0
mini-wiki/internal/projectkb/projectkb.go:526.3,526.31 1 1
mini-wiki/internal/projectkb/projectkb.go:528.2,528.28 1 1
mini-wiki/internal/projectkb/projectkb.go:531.82,539.2 4 1
mini-wiki/internal/projectkb/projectkb.go:541.81,547.16 4 1
mini-wiki/internal/projectkb/projectkb.go:547.16,549.3 1 0
mini-wiki/internal/projectkb/projectkb.go:550.2,553.18 3 1
mini-wiki/internal/projectkb/projectkb.go:553.18,556.118 3 1
mini-wiki/internal/projectkb/projectkb.go:556.118,558.4 1 0
mini-wiki/internal/projectkb/projectkb.go:559.3,560.25 2 1
mini-wiki/internal/projectkb/projectkb.go:562.2,562.25 1 1
mini-wiki/internal/projectkb/projectkb.go:567.81,575.2 4 1
mini-wiki/internal/projectkb/projectkb.go:577.88,581.16 3 1
mini-wiki/internal/projectkb/projectkb.go:581.16,583.3 1 1
mini-wiki/internal/projectkb/projectkb.go:584.2,586.16 2 1
mini-wiki/internal/projectkb/projectkb.go:586.16,588.3 1 0
mini-wiki/internal/projectkb/projectkb.go:589.2,592.18 3 1
mini-wiki/internal/projectkb/projectkb.go:592.18,595.100 3 1
mini-wiki/internal/projectkb/projectkb.go:595.100,597.4 1 0
mini-wiki/internal/projectkb/projectkb.go:598.3,599.31 2 1
mini-wiki/internal/projectkb/projectkb.go:601.2,601.28 1 1
mini-wiki/internal/projectkb/projectkb.go:604.105,608.16 3 1
mini-wiki/internal/projectkb/projectkb.go:608.16,610.3 1 0
mini-wiki/internal/projectkb/projectkb.go:611.2,615.16 2 1
mini-wiki/internal/projectkb/projectkb.go:615.16,617.3 1 0
mini-wiki/internal/projectkb/projectkb.go:618.2,621.18 3 1
mini-wiki/internal/projectkb/projectkb.go:621.18,624.100 3 1
mini-wiki/internal/projectkb/projectkb.go:624.100,626.4 1 0
mini-wiki/internal/projectkb/projectkb.go:627.3,628.31 2 1
mini-wiki/internal/projectkb/projectkb.go:630.2,630.28 1 1
mini-wiki/internal/projectkb/projectkb.go:635.75,643.2 4 1
mini-wiki/internal/projectkb/projectkb.go:645.75,651.16 4 1
mini-wiki/internal/projectkb/projectkb.go:651.16,653.3 1 0
mini-wiki/internal/projectkb/projectkb.go:654.2,657.18 3 1
mini-wiki/internal/projectkb/projectkb.go:657.18,660.113 3 1
mini-wiki/internal/projectkb/projectkb.go:660.113,662.4 1 0
mini-wiki/internal/projectkb/projectkb.go:663.3,664.35 2 1
mini-wiki/internal/projectkb/projectkb.go:666.2,666.30 1 1
mini-wiki/internal/projectkb/projectkb.go:669.73,674.2 4 1
mini-wiki/internal/projectkb/projectkb.go:678.81,686.2 4 1
mini-wiki/internal/projectkb/projectkb.go:688.81,694.16 4 1
mini-wiki/internal/projectkb/projectkb.go:694.16,696.3 1 0
mini-wiki/internal/projectkb/projectkb.go:697.2,700.18 3 1
mini-wiki/internal/projectkb/projectkb.go:700.18,703.79 3 1
mini-wiki/internal/projectkb/projectkb.go:703.79,705.4 1 0
mini-wiki/internal/projectkb/projectkb.go:706.3,707.30 2 1
mini-wiki/internal/projectkb/projectkb.go:709.2,709.27 1 1
mini-wiki/internal/projectkb/projectkb.go:712.76,717.2 4 1
mini-wiki/internal/projectkb/projectkb.go:721.78,727.16 4 1
mini-wiki/internal/projectkb/projectkb.go:727.16,729.3 1 0
mini-wiki/internal/projectkb/projectkb.go:730.2,731.12 2 1
mini-wiki/internal/projectkb/projectkb.go:734.79,739.16 4 1
mini-wiki/internal/projectkb/projectkb.go:739.16,741.3 1 0
mini-wiki/internal/projectkb/projectkb.go:742.2,745.18 3 1
mini-wiki/internal/projectkb/projectkb.go:745.18,748.75 3 1
mini-wiki/internal/projectkb/projectkb.go:748.75,750.4 1 0
mini-wiki/internal/projectkb/projectkb.go:751.3,752.31 2 1
mini-wiki/internal/projectkb/projectkb.go:754.2,754.28 1 1
mini-wiki/internal/projectkb/projectkb.go:757.94,763.16 4 1
mini-wiki/internal/projectkb/projectkb.go:763.16,765.3 1 0
mini-wiki/internal/projectkb/projectkb.go:766.2,767.12 2 1
mini-wiki/internal/projectkb/projectkb.go:770.112,776.16 4 1
mini-wiki/internal/projectkb/projectkb.go:776.16,778.3 1 0
mini-wiki/internal/projectkb/projectkb.go:779.2,782.18 3 1
mini-wiki/internal/projectkb/projectkb.go:782.18,785.89 3 1
mini-wiki/internal/projectkb/projectkb.go:785.89,787.4 1 0
mini-wiki/internal/projectkb/projectkb.go:788.3,789.27 2 1
mini-wiki/internal/projectkb/projectkb.go:791.2,791.26 1 1
mini-wiki/internal/projectkb/projectkb.go:794.82,801.2 4 1
mini-wiki/internal/projectkb/projectkb.go:803.84,808.16 4 1
mini-wiki/internal/projectkb/projectkb.go:808.16,810.3 1 0
mini-wiki/internal/projectkb/projectkb.go:811.2,814.18 3 1
mini-wiki/internal/projectkb/projectkb.go:814.18,817.86 3 1
mini-wiki/internal/projectkb/projectkb.go:817.86,819.4 1 0
mini-wiki/internal/projectkb/projectkb.go:820.3,821.31 2 1
mini-wiki/internal/projectkb/projectkb.go:823.2,823.28 1 1
mini-wiki/internal/projectkb/projectkb.go:828.108,832.16 4 1
mini-wiki/internal/projectkb/projectkb.go:832.16,834.3 1 0
mini-wiki/internal/projectkb/projectkb.go:835.2,838.12 2 1
mini-wiki/internal/projectkb/projectkb.go:841.83,847.16 5 1
mini-wiki/internal/projectkb/projectkb.go:847.16,849.3 1 1
mini-wiki/internal/projectkb/projectkb.go:850.2,850.34 1 1
mini-wiki/internal/ranking/ranker.go:66.29,70.2 1 1
mini-wiki/internal/ranking/ranker.go:73.56,75.2 1 1
mini-wiki/internal/ranking/ranker.go:82.106,83.39 1 1
mini-wiki/internal/ranking/ranker.go:83.39,85.3 1 1
mini-wiki/internal/ranking/ranker.go:87.2,87.24 1 1
mini-wiki/internal/ranking/ranker.go:87.24,89.3 1 0
mini-wiki/internal/ranking/ranker.go:91.2,92.17 2 1
mini-wiki/internal/ranking/ranker.go:92.17,94.3 1 0
mini-wiki/internal/ranking/ranker.go:99.2,100.16 2 1
mini-wiki/internal/ranking/ranker.go:100.16,102.3 1 1
mini-wiki/internal/ranking/ranker.go:104.2,104.30 1 1
mini-wiki/internal/ranking/ranker.go:104.30,106.19 2 0
mini-wiki/internal/ranking/ranker.go:106.19,108.4 1 0
mini-wiki/internal/ranking/ranker.go:109.3,109.59 1 0
mini-wiki/internal/ranking/ranker.go:113.2,115.20 2 1
mini-wiki/internal/ranking/ranker.go:118.106,120.2 1 0
mini-wiki/internal/ranking/ranker.go:125.108,137.37 3 1
mini-wiki/internal/ranking/ranker.go:137.37,138.34 1 1
mini-wiki/internal/ranking/ranker.go:138.34,140.9 2 0
[...]
mini-wiki/internal/config/manager.go:124.22,125.60 1 1
mini-wiki/internal/config/manager.go:125.60,127.4 1 1
mini-wiki/internal/config/manager.go:129.2,129.29 1 1
mini-wiki/internal/config/manager.go:134.41,138.2 3 1
mini-wiki/internal/config/manager.go:140.32,144.2 3 1
mini-wiki/internal/config/manager.go:146.42,150.2 3 1
mini-wiki/internal/export/exporter.go:53.35,58.2 1 1
mini-wiki/internal/export/exporter.go:72.50,74.18 2 1
mini-wiki/internal/export/exporter.go:74.18,76.3 1 1
mini-wiki/internal/export/exporter.go:77.2,77.15 1 1
mini-wiki/internal/export/exporter.go:77.15,79.3 1 1
mini-wiki/internal/export/exporter.go:80.2,80.49 1 1
mini-wiki/internal/export/exporter.go:90.21,92.2 1 1
mini-wiki/internal/export/exporter.go:99.40,100.41 1 1
mini-wiki/internal/export/exporter.go:100.41,101.39 1 1
mini-wiki/internal/export/exporter.go:101.39,103.4 1 1
mini-wiki/internal/export/exporter.go:105.2,105.14 1 1
mini-wiki/internal/export/exporter.go:108.107,109.40 1 1
mini-wiki/internal/export/exporter.go:109.40,111.3 1 1
mini-wiki/internal/export/exporter.go:113.2,114.18 2 1
mini-wiki/internal/export/exporter.go:114.18,116.3 1 1
mini-wiki/internal/export/exporter.go:118.2,121.16 3 1
mini-wiki/internal/export/exporter.go:122.13,123.44 1 1
mini-wiki/internal/export/exporter.go:124.14,125.45 1 1
mini-wiki/internal/export/exporter.go:126.24,127.49 1 1
mini-wiki/internal/export/exporter.go:128.13,129.44 1 1
mini-wiki/internal/export/exporter.go:130.10,131.45 1 1
mini-wiki/internal/export/exporter.go:134.2,134.16 1 1
mini-wiki/internal/export/exporter.go:134.16,136.3 1 1
mini-wiki/internal/export/exporter.go:137.2,138.20 2 1
mini-wiki/internal/export/exporter.go:141.111,145.21 3 1
mini-wiki/internal/export/exporter.go:145.21,147.3 1 0
mini-wiki/internal/export/exporter.go:149.2,153.14 4 1
mini-wiki/internal/export/exporter.go:153.14,155.3 1 1
mini-wiki/internal/export/exporter.go:158.2,172.35 3 1
mini-wiki/internal/export/exporter.go:172.35,176.3 3 1
mini-wiki/internal/export/exporter.go:179.2,179.32 1 1
mini-wiki/internal/export/exporter.go:179.32,180.10 1 1
mini-wiki/internal/export/exporter.go:181.21,182.25 1 0
mini-wiki/internal/export/exporter.go:183.11,183.11 0 1
mini-wiki/internal/export/exporter.go:185.3,185.30 1 1
mini-wiki/internal/export/exporter.go:185.30,186.30 1 1
mini-wiki/internal/export/exporter.go:186.30,187.10 1 0
mini-wiki/internal/export/exporter.go:189.4,192.19 4 1
mini-wiki/internal/export/exporter.go:193.18,194.58 1 1
mini-wiki/internal/export/exporter.go:194.58,196.6 1 1
mini-wiki/internal/export/exporter.go:196.11,198.6 1 0
mini-wiki/internal/export/exporter.go:199.12,200.39 1 1
mini-wiki/internal/export/exporter.go:202.4,202.51 1 1
mini-wiki/internal/export/exporter.go:207.2,207.35 1 1
mini-wiki/internal/export/exporter.go:207.35,209.17 2 1
mini-wiki/internal/export/exporter.go:209.17,212.34 2 1
mini-wiki/internal/export/exporter.go:212.34,213.45 1 1
mini-wiki/internal/export/exporter.go:213.45,215.6 1 1
mini-wiki/internal/export/exporter.go:217.4,218.18 2 1
mini-wiki/internal/export/exporter.go:218.18,220.5 1 1
mini-wiki/internal/export/exporter.go:221.4,221.18 1 1
mini-wiki/internal/export/exporter.go:221.18,223.5 1 0
mini-wiki/internal/export/exporter.go:225.3,226.17 2 1
mini-wiki/internal/export/exporter.go:226.17,228.4 1 1
mini-wiki/internal/export/exporter.go:231.2,232.20 2 1
mini-wiki/internal/export/exporter.go:232.20,234.3 1 1
mini-wiki/internal/export/exporter.go:235.2,235.34 1 1
mini-wiki/internal/export/exporter.go:235.34,237.3 1 0
mini-wiki/internal/export/exporter.go:238.2,241.16 3 1
mini-wiki/internal/export/exporter.go:241.16,243.3 1 0
mini-wiki/internal/export/exporter.go:244.2,244.68 1 1
mini-wiki/internal/export/exporter.go:244.68,246.3 1 0
mini-wiki/internal/export/exporter.go:248.2,255.8 1 1
mini-wiki/internal/export/exporter.go:262.110,269.16 6 1
mini-wiki/internal/export/exporter.go:269.16,271.3 1 0
mini-wiki/internal/export/exporter.go:273.2,277.19 3 1
mini-wiki/internal/export/exporter.go:277.19,279.3 1 1
mini-wiki/internal/export/exporter.go:280.2,280.33 1 1
mini-wiki/internal/export/exporter.go:280.33,282.3 1 0
mini-wiki/internal/export/exporter.go:283.2,290.34 5 1
mini-wiki/internal/export/exporter.go:290.34,294.3 2 0
mini-wiki/internal/export/exporter.go:297.2,301.16 4 1
mini-wiki/internal/export/exporter.go:301.16,303.3 1 0
mini-wiki/internal/export/exporter.go:305.2,312.8 1 1
mini-wiki/internal/export/exporter.go:315.110,323.35 5 1
mini-wiki/internal/export/exporter.go:323.35,325.3 1 1
mini-wiki/internal/export/exporter.go:326.2,329.32 2 1
mini-wiki/internal/export/exporter.go:329.32,330.10 1 1
mini-wiki/internal/export/exporter.go:331.21,332.25 1 1
mini-wiki/internal/export/exporter.go:333.11,333.11 0 1
mini-wiki/internal/export/exporter.go:335.3,336.25 2 1
mini-wiki/internal/export/exporter.go:336.25,338.4 1 1
mini-wiki/internal/export/exporter.go:339.3,339.26 1 1
mini-wiki/internal/export/exporter.go:341.2,343.39 2 1
mini-wiki/internal/export/exporter.go:343.39,345.3 1 0
mini-wiki/internal/export/exporter.go:347.2,348.20 2 1
mini-wiki/internal/export/exporter.go:348.20,350.3 1 1
mini-wiki/internal/export/exporter.go:351.2,351.34 1 1
mini-wiki/internal/export/exporter.go:351.34,353.3 1 1
mini-wiki/internal/export/exporter.go:354.2,356.68 2 1
mini-wiki/internal/export/exporter.go:356.68,358.3 1 0
mini-wiki/internal/export/exporter.go:360.2,366.8 1 1
mini-wiki/internal/export/exporter.go:369.111,374.32 3 1
mini-wiki/internal/export/exporter.go:374.32,375.10 1 1
mini-wiki/internal/export/exporter.go:376.21,377.25 1 0
mini-wiki/internal/export/exporter.go:378.11,378.11 0 1
mini-wiki/internal/export/exporter.go:380.3,381.27 2 1
mini-wiki/internal/export/exporter.go:381.27,382.29 1 1
mini-wiki/internal/export/exporter.go:382.29,384.5 1 1
mini-wiki/internal/export/exporter.go:386.3,386.33 1 1
mini-wiki/internal/export/exporter.go:389.2,390.16 2 1
mini-wiki/internal/export/exporter.go:390.16,392.3 1 0
mini-wiki/internal/export/exporter.go:394.2,395.20 2 1
mini-wiki/internal/export/exporter.go:395.20,397.3 1 1
mini-wiki/internal/export/exporter.go:398.2,398.34 1 1
mini-wiki/internal/export/exporter.go:398.34,400.3 1 0
mini-wiki/internal/export/exporter.go:401.2,403.65 2 1
mini-wiki/internal/export/exporter.go:403.65,405.3 1 0
mini-wiki/internal/export/exporter.go:407.2,413.8 1 1
mini-wiki/internal/export/exporter.go:416.115,422.35 5 1
mini-wiki/internal/export/exporter.go:422.35,424.3 1 1
mini-wiki/internal/export/exporter.go:425.2,426.25 2 1
mini-wiki/internal/export/exporter.go:426.25,428.3 1 1
mini-wiki/internal/export/exporter.go:429.2,431.32 2 1
mini-wiki/internal/export/exporter.go:431.32,432.10 1 1
mini-wiki/internal/export/exporter.go:433.21,434.25 1 0
mini-wiki/internal/export/exporter.go:435.11,435.11 0 1
mini-wiki/internal/export/exporter.go:437.3,438.27 2 1
mini-wiki/internal/export/exporter.go:438.27,442.4 2 1
mini-wiki/internal/export/exporter.go:443.3,443.22 1 1
mini-wiki/internal/export/exporter.go:446.2,448.20 3 1
mini-wiki/internal/export/exporter.go:448.20,450.3 1 1
mini-wiki/internal/export/exporter.go:451.2,451.34 1 1
mini-wiki/internal/export/exporter.go:451.34,453.3 1 0
mini-wiki/internal/export/exporter.go:454.2,456.72 2 1
mini-wiki/internal/export/exporter.go:456.72,458.3 1 0
mini-wiki/internal/export/exporter.go:460.2,466.8 1 1
mini-wiki/internal/export/exporter.go:469.131,471.46 1 1
mini-wiki/internal/export/exporter.go:471.46,473.3 1 0
mini-wiki/internal/export/exporter.go:475.2,475.22 1 1
mini-wiki/internal/export/exporter.go:475.22,477.3 1 1
mini-wiki/internal/export/exporter.go:479.2,485.40 5 1
mini-wiki/internal/export/exporter.go:485.40,487.3 1 1
mini-wiki/internal/export/exporter.go:488.2,491.24 3 1
mini-wiki/internal/export/exporter.go:491.24,492.10 1 1
mini-wiki/internal/export/exporter.go:493.21,494.25 1 1
mini-wiki/internal/export/exporter.go:495.11,495.11 0 1
mini-wiki/internal/export/exporter.go:497.3,498.25 2 1
mini-wiki/internal/export/exporter.go:498.25,500.4 1 1
mini-wiki/internal/export/exporter.go:501.3,502.14 2 1
mini-wiki/internal/export/exporter.go:504.2,507.20 3 1
mini-wiki/internal/export/exporter.go:507.20,509.3 1 1
mini-wiki/internal/export/exporter.go:510.2,512.68 2 1
mini-wiki/internal/export/exporter.go:512.68,514.3 1 0
mini-wiki/internal/export/exporter.go:516.2,522.8 1 1
mini-wiki/internal/kb/db.go:88.15,90.2 1 1
mini-wiki/internal/kb/db.go:98.66,101.47 2 1
mini-wiki/internal/kb/db.go:101.47,103.3 1 1
mini-wiki/internal/kb/db.go:105.2,106.16 2 1
mini-wiki/internal/kb/db.go:106.16,108.3 1 0
mini-wiki/internal/kb/db.go:111.2,117.39 4 1
mini-wiki/internal/kb/db.go:117.39,120.3 2 0
mini-wiki/internal/kb/db.go:123.2,125.12 2 1
mini-wiki/internal/kb/db.go:128.34,129.17 1 1
mini-wiki/internal/kb/db.go:129.17,131.3 1 1
mini-wiki/internal/kb/db.go:132.2,132.12 1 0
mini-wiki/internal/kb/db.go:135.55,182.31 2 1
mini-wiki/internal/kb/db.go:182.31,183.53 1 1
mini-wiki/internal/kb/db.go:183.53,185.4 1 0
mini-wiki/internal/kb/db.go:187.2,187.12 1 1
mini-wiki/internal/kb/db.go:190.76,204.2 4 1
mini-wiki/internal/kb/db.go:206.91,214.135 6 1
mini-wiki/internal/kb/db.go:214.135,215.27 1 1
mini-wiki/internal/kb/db.go:215.27,217.4 1 1
mini-wiki/internal/kb/db.go:218.3,218.18 1 0
mini-wiki/internal/kb/db.go:220.2,222.18 3 1
mini-wiki/internal/kb/db.go:225.73,230.16 4 1
mini-wiki/internal/kb/db.go:230.16,232.3 1 0
mini-wiki/internal/kb/db.go:233.2,236.18 3 1
mini-wiki/internal/kb/db.go:236.18,239.137 3 1
mini-wiki/internal/kb/db.go:239.137,241.4 1 0
mini-wiki/internal/kb/db.go:242.3,244.33 3 1
mini-wiki/internal/kb/db.go:246.2,246.28 1 1
mini-wiki/internal/kb/db.go:249.71,254.16 4 1
mini-wiki/internal/kb/db.go:254.16,256.3 1 0
mini-wiki/internal/kb/db.go:257.2,260.98 2 1
mini-wiki/internal/kb/db.go:260.98,262.3 1 0
mini-wiki/internal/kb/db.go:264.2,264.97 1 1
mini-wiki/internal/kb/db.go:264.97,266.3 1 0
mini-wiki/internal/kb/db.go:267.2,267.20 1 1
mini-wiki/internal/kb/db.go:270.86,271.20 1 1
mini-wiki/internal/kb/db.go:271.20,273.3 1 1
mini-wiki/internal/kb/db.go:275.2,279.16 4 1
mini-wiki/internal/kb/db.go:279.16,281.3 1 0
mini-wiki/internal/kb/db.go:282.2,285.16 3 1
mini-wiki/internal/kb/db.go:285.16,287.3 1 0
mini-wiki/internal/kb/db.go:288.2,291.27 3 1
mini-wiki/internal/kb/db.go:291.27,294.34 2 1
mini-wiki/internal/kb/db.go:294.34,295.13 1 1
mini-wiki/internal/kb/db.go:295.13,297.5 1 1
mini-wiki/internal/kb/db.go:298.4,298.32 1 1
mini-wiki/internal/kb/db.go:298.32,300.5 1 1
mini-wiki/internal/kb/db.go:301.4,301.25 1 1
mini-wiki/internal/kb/db.go:304.3,304.96 1 1
mini-wiki/internal/kb/db.go:304.96,306.4 1 0
mini-wiki/internal/kb/db.go:307.3,307.13 1 1
mini-wiki/internal/kb/db.go:310.2,310.36 1 1
mini-wiki/internal/kb/db.go:310.36,312.3 1 0
mini-wiki/internal/kb/db.go:314.2,314.50 1 1
mini-wiki/internal/kb/db.go:317.101,321.16 3 1
mini-wiki/internal/kb/db.go:321.16,323.3 1 1
mini-wiki/internal/kb/db.go:326.2,337.16 3 1
mini-wiki/internal/kb/db.go:337.16,339.3 1 0
mini-wiki/internal/kb/db.go:340.2,343.18 3 1
mini-wiki/internal/kb/db.go:343.18,345.97 2 1
mini-wiki/internal/kb/db.go:345.97,347.4 1 0
mini-wiki/internal/kb/db.go:348.3,348.31 1 1
mini-wiki/internal/kb/db.go:350.2,350.28 1 1
mini-wiki/internal/kb/db.go:353.71,378.2 18 1
mini-wiki/internal/projectkb/projectkb.go:177.15,179.2 1 1
mini-wiki/internal/projectkb/projectkb.go:188.72,192.51 3 1
mini-wiki/internal/projectkb/projectkb.go:192.51,194.3 1 0
mini-wiki/internal/projectkb/projectkb.go:195.2,199.16 4 1
mini-wiki/internal/projectkb/projectkb.go:199.16,201.3 1 0
mini-wiki/internal/projectkb/projectkb.go:202.2,206.39 3 1
mini-wiki/internal/projectkb/projectkb.go:206.39,209.3 2 0
mini-wiki/internal/projectkb/projectkb.go:211.2,212.12 2 1
mini-wiki/internal/projectkb/projectkb.go:215.35,216.17 1 1
mini-wiki/internal/projectkb/projectkb.go:216.17,218.3 1 1
mini-wiki/internal/projectkb/projectkb.go:219.2,219.12 1 0
mini-wiki/internal/projectkb/projectkb.go:222.41,222.64 1 1
mini-wiki/internal/projectkb/projectkb.go:224.56,338.31 2 1
mini-wiki/internal/projectkb/projectkb.go:338.31,339.53 1 1
mini-wiki/internal/projectkb/projectkb.go:339.53,341.4 1 0
mini-wiki/internal/projectkb/projectkb.go:343.2,343.12 1 1
mini-wiki/internal/projectkb/projectkb.go:348.99,353.16 4 1
mini-wiki/internal/projectkb/projectkb.go:353.16,355.3 1 0
mini-wiki/internal/projectkb/projectkb.go:356.2,361.25 3 1
mini-wiki/internal/projectkb/projectkb.go:361.25,366.17 1 1
mini-wiki/internal/projectkb/projectkb.go:366.17,368.4 1 0
mini-wiki/internal/projectkb/projectkb.go:370.2,370.20 1 1
mini-wiki/internal/projectkb/projectkb.go:373.95,380.16 4 1
mini-wiki/internal/projectkb/projectkb.go:380.16,382.3 1 0
mini-wiki/internal/projectkb/projectkb.go:383.2,386.18 3 1
mini-wiki/internal/projectkb/projectkb.go:386.18,388.103 2 1
mini-wiki/internal/projectkb/projectkb.go:388.103,390.4 1 0
mini-wiki/internal/projectkb/projectkb.go:391.3,391.25 1 1
mini-wiki/internal/projectkb/projectkb.go:393.2,393.25 1 1
mini-wiki/internal/projectkb/projectkb.go:396.96,401.16 4 1
mini-wiki/internal/projectkb/projectkb.go:401.16,403.3 1 0
mini-wiki/internal/projectkb/projectkb.go:404.2,408.28 3 1
mini-wiki/internal/projectkb/projectkb.go:408.28,412.17 1 1
mini-wiki/internal/projectkb/projectkb.go:412.17,414.4 1 0
mini-wiki/internal/projectkb/projectkb.go:416.2,416.20 1 1
mini-wiki/internal/projectkb/projectkb.go:419.89,425.16 4 1
mini-wiki/internal/projectkb/projectkb.go:425.16,427.3 1 0
mini-wiki/internal/projectkb/projectkb.go:428.2,431.18 3 1
mini-wiki/internal/projectkb/projectkb.go:431.18,433.85 2 1
mini-wiki/internal/projectkb/projectkb.go:433.85,435.4 1 0
mini-wiki/internal/projectkb/projectkb.go:436.3,436.31 1 1
mini-wiki/internal/projectkb/projectkb.go:438.2,438.28 1 1
mini-wiki/internal/projectkb/projectkb.go:441.107,446.16 4 1
mini-wiki/internal/projectkb/projectkb.go:446.16,448.3 1 0
mini-wiki/internal/projectkb/projectkb.go:449.2,453.31 3 1
mini-wiki/internal/projectkb/projectkb.go:453.31,457.17 1 1
mini-wiki/internal/projectkb/projectkb.go:457.17,459.4 1 0
mini-wiki/internal/projectkb/projectkb.go:461.2,461.20 1 1
mini-wiki/internal/projectkb/projectkb.go:464.97,470.16 4 1
mini-wiki/internal/projectkb/projectkb.go:470.16,472.3 1 0
mini-wiki/internal/projectkb/projectkb.go:473.2,476.18 3 1
mini-wiki/internal/projectkb/projectkb.go:476.18,478.98 2 1
mini-wiki/internal/projectkb/projectkb.go:478.98,480.4 1 0
mini-wiki/internal/projectkb/projectkb.go:481.3,481.27 1 1
mini-wiki/internal/projectkb/projectkb.go:483.2,483.26 1 1
mini-wiki/internal/projectkb/projectkb.go:486.94,491.16 4 1
mini-wiki/internal/projectkb/projectkb.go:491.16,493.3 1 0
mini-wiki/internal/projectkb/projectkb.go:494.2,498.28 3 1
mini-wiki/internal/projectkb/projectkb.go:498.28,502.17 1 1
mini-wiki/internal/projectkb/projectkb.go:502.17,504.4 1 0
mini-wiki/internal/projectkb/projectkb.go:506.2,506.20 1 1
mini-wiki/internal/projectkb/projectkb.go:509.87,515.16 4 1
mini-wiki/internal/projectkb/projectkb.go:515.16,517.3 1 0
mini-wiki/internal/projectkb/projectkb.go:518.2,521.18 3 1
mini-wiki/internal/projectkb/projectkb.go:521.18,523.88 2 1
mini-wiki/internal/projectkb/projectkb.go:523.88,525.4 1 0
mini-wiki/internal/projectkb/projectkb.go:526.3,526.31 1 1
mini-wiki/internal/projectkb/projectkb.go:528.2,528.28 1 1
mini-wiki/internal/projectkb/projectkb.go:531.82,539.2 4 1
mini-wiki/internal/projectkb/projectkb.go:541.81,547.16 4 1
mini-wiki/internal/projectkb/projectkb.go:547.16,549.3 1 0
mini-wiki/internal/projectkb/projectkb.go:550.2,553.18 3 1
mini-wiki/internal/projectkb/projectkb.go:553.18,556.118 3 1
mini-wiki/internal/projectkb/projectkb.go:556.118,558.4 1 0
mini-wiki/internal/projectkb/projectkb.go:559.3,560.25 2 1
mini-wiki/internal/projectkb/projectkb.go:562.2,562.25 1 1
mini-wiki/internal/projectkb/projectkb.go:567.81,575.2 4 1
mini-wiki/internal/projectkb/projectkb.go:577.88,581.16 3 1
mini-wiki/internal/projectkb/projectkb.go:581.16,583.3 1 1
mini-wiki/internal/projectkb/projectkb.go:584.2,586.16 2 1
mini-wiki/internal/projectkb/projectkb.go:586.16,588.3 1 0
mini-wiki/internal/projectkb/projectkb.go:589.2,592.18 3 1
mini-wiki/internal/projectkb/projectkb.go:592.18,595.100 3 1
mini-wiki/internal/projectkb/projectkb.go:595.100,597.4 1 0
mini-wiki/internal/projectkb/projectkb.go:598.3,599.31 2 1
mini-wiki/internal/projectkb/projectkb.go:601.2,601.28 1 1
mini-wiki/internal/projectkb/projectkb.go:604.105,608.16 3 1
mini-wiki/internal/projectkb/projectkb.go:608.16,610.3 1 0
mini-wiki/internal/projectkb/projectkb.go:611.2,615.16 2 1
mini-wiki/internal/projectkb/projectkb.go:615.16,617.3 1 0
mini-wiki/internal/projectkb/projectkb.go:618.2,621.18 3 1
mini-wiki/internal/projectkb/projectkb.go:621.18,624.100 3 1
mini-wiki/internal/projectkb/projectkb.go:624.100,626.4 1 0
mini-wiki/internal/projectkb/projectkb.go:627.3,628.31 2 1
mini-wiki/internal/projectkb/projectkb.go:630.2,630.28 1 1
mini-wiki/internal/projectkb/projectkb.go:635.75,643.2 4 1
mini-wiki/internal/projectkb/projectkb.go:645.75,651.16 4 1
mini-wiki/internal/projectkb/projectkb.go:651.16,653.3 1 0
mini-wiki/internal/projectkb/projectkb.go:654.2,657.18 3 1
mini-wiki/internal/projectkb/projectkb.go:657.18,660.113 3 1
mini-wiki/internal/projectkb/projectkb.go:660.113,662.4 1 0
mini-wiki/internal/projectkb/projectkb.go:663.3,664.35 2 1
mini-wiki/internal/projectkb/projectkb.go:666.2,666.30 1 1
mini-wiki/internal/projectkb/projectkb.go:669.73,674.2 4 1
mini-wiki/internal/projectkb/projectkb.go:678.81,686.2 4 1
mini-wiki/internal/projectkb/projectkb.go:688.81,694.16 4 1
mini-wiki/internal/projectkb/projectkb.go:694.16,696.3 1 0
mini-wiki/internal/projectkb/projectkb.go:697.2,700.18 3 1
mini-wiki/internal/projectkb/projectkb.go:700.18,703.79 3 1
mini-wiki/internal/projectkb/projectkb.go:703.79,705.4 1 0
mini-wiki/internal/projectkb/projectkb.go:706.3,707.30 2 1
mini-wiki/internal/projectkb/projectkb.go:709.2,709.27 1 1
mini-wiki/internal/projectkb/projectkb.go:712.76,717.2 4 1
mini-wiki/internal/projectkb/projectkb.go:721.78,727.16 4 1
mini-wiki/internal/projectkb/projectkb.go:727.16,729.3 1 0
mini-wiki/internal/projectkb/projectkb.go:730.2,731.12 2 1
mini-wiki/internal/projectkb/projectkb.go:734.79,739.16 4 1
mini-wiki/internal/projectkb/projectkb.go:739.16,741.3 1 0
mini-wiki/internal/projectkb/projectkb.go:742.2,745.18 3 1
mini-wiki/internal/projectkb/projectkb.go:745.18,748.75 3 1
mini-wiki/internal/projectkb/projectkb.go:748.75,750.4 1 0
mini-wiki/internal/projectkb/projectkb.go:751.3,752.31 2 1
mini-wiki/internal/projectkb/projectkb.go:754.2,754.28 1 1
mini-wiki/internal/projectkb/projectkb.go:757.94,763.16 4 1
mini-wiki/internal/projectkb/projectkb.go:763.16,765.3 1 0
mini-wiki/internal/projectkb/projectkb.go:766.2,767.12 2 1
mini-wiki/internal/projectkb/projectkb.go:770.112,776.16 4 1
mini-wiki/internal/projectkb/projectkb.go:776.16,778.3 1 0
mini-wiki/internal/projectkb/projectkb.go:779.2,782.18 3 1
mini-wiki/internal/projectkb/projectkb.go:782.18,785.89 3 1
mini-wiki/internal/projectkb/projectkb.go:785.89,787.4 1 0
mini-wiki/internal/projectkb/projectkb.go:788.3,789.27 2 1
mini-wiki/internal/projectkb/projectkb.go:791.2,791.26 1 1
mini-wiki/internal/projectkb/projectkb.go:794.82,801.2 4 1
mini-wiki/internal/projectkb/projectkb.go:803.84,808.16 4 1
mini-wiki/internal/projectkb/projectkb.go:808.16,810.3 1 0
mini-wiki/internal/projectkb/projectkb.go:811.2,814.18 3 1
mini-wiki/internal/projectkb/projectkb.go:814.18,817.86 3 1
mini-wiki/internal/projectkb/projectkb.go:817.86,819.4 1 0
mini-wiki/internal/projectkb/projectkb.go:820.3,821.31 2 1
mini-wiki/internal/projectkb/projectkb.go:823.2,823.28 1 1
mini-wiki/internal/projectkb/projectkb.go:828.108,832.16 4 1
mini-wiki/internal/projectkb/projectkb.go:832.16,834.3 1 0
mini-wiki/internal/projectkb/projectkb.go:835.2,838.12 2 1
mini-wiki/internal/projectkb/projectkb.go:841.83,847.16 5 1
mini-wiki/internal/projectkb/projectkb.go:847.16,849.3 1 1
mini-wiki/internal/projectkb/projectkb.go:850.2,850.34 1 1
